WARNING: SINGULARITY_TMPDIR and APPTAINER_TMPDIR have different values, using the latter
/usr/local/share/tassel-5.2.89-0/lib/ahocorasick-0.2.4.jar:/usr/local/share/tassel-5.2.89-0/lib/biojava-alignment-6.0.4.jar:/usr/local/share/tassel-5.2.89-0/lib/biojava-core-6.0.4.jar:/usr/local/share/tassel-5.2.89-0/lib/biojava-genome-6.0.4.jar:/usr/local/share/tassel-5.2.89-0/lib/biojava-phylo-4.2.12.jar:/usr/local/share/tassel-5.2.89-0/lib/colt-1.2.0.jar:/usr/local/share/tassel-5.2.89-0/lib/commons-codec-1.10.jar:/usr/local/share/tassel-5.2.89-0/lib/commons-io-2.11.0.jar:/usr/local/share/tassel-5.2.89-0/lib/commons-math3-3.4.1.jar:/usr/local/share/tassel-5.2.89-0/lib/ejml-core-0.41.jar:/usr/local/share/tassel-5.2.89-0/lib/ejml-ddense-0.41.jar:/usr/local/share/tassel-5.2.89-0/lib/error_prone_annotations-2.19.1.jar:/usr/local/share/tassel-5.2.89-0/lib/fastutil-8.2.2.jar:/usr/local/share/tassel-5.2.89-0/lib/forester-1.039.jar:/usr/local/share/tassel-5.2.89-0/lib/gs-core-1.3.jar:/usr/local/share/tassel-5.2.89-0/lib/gs-ui-1.3.jar:/usr/local/share/tassel-5.2.89-0/lib/guava-22.0.jar:/usr/local/share/tassel-5.2.89-0/lib/htsjdk-2.24.1.jar:/usr/local/share/tassel-5.2.89-0/lib/ini4j-0.5.4.jar:/usr/local/share/tassel-5.2.89-0/lib/itextpdf-5.1.0.jar:/usr/local/share/tassel-5.2.89-0/lib/jackson-annotations-2.13.2.jar:/usr/local/share/tassel-5.2.89-0/lib/jackson-core-2.13.2.jar:/usr/local/share/tassel-5.2.89-0/lib/jackson-databind-2.13.2.2.jar:/usr/local/share/tassel-5.2.89-0/lib/jackson-module-kotlin-2.13.2.jar:/usr/local/share/tassel-5.2.89-0/lib/javax.json-1.0.4.jar:/usr/local/share/tassel-5.2.89-0/lib/jcommon-1.0.23.jar:/usr/local/share/tassel-5.2.89-0/lib/jfreechart-1.0.19.jar:/usr/local/share/tassel-5.2.89-0/lib/jfreesvg-3.2.jar:/usr/local/share/tassel-5.2.89-0/lib/jhdf5-14.12.5.jar:/usr/local/share/tassel-5.2.89-0/lib/json-simple-1.1.1.jar:/usr/local/share/tassel-5.2.89-0/lib/junit-4.10.jar:/usr/local/share/tassel-5.2.89-0/lib/kotlin-reflect-1.6.10.jar:/usr/local/share/tassel-5.2.89-0/lib/kotlin-stdlib-1.6.10.jar:/usr/local/share/tassel-5.2.89-0/lib/kotlin-stdlib-jdk7-1.6.10.jar:/usr/local/share/tassel-5.2.89-0/lib/kotlin-stdlib-jdk8-1.6.10.jar:/usr/local/share/tassel-5.2.89-0/lib/kotlinx-coroutines-core-jvm-1.6.0.jar:/usr/local/share/tassel-5.2.89-0/lib/log4j-1.2.13.jar:/usr/local/share/tassel-5.2.89-0/lib/mail-1.4.jar:/usr/local/share/tassel-5.2.89-0/lib/phg.jar:/usr/local/share/tassel-5.2.89-0/lib/postgresql-9.4-1201.jdbc41.jar:/usr/local/share/tassel-5.2.89-0/lib/protobuf-java-3.23.0.jar:/usr/local/share/tassel-5.2.89-0/lib/protobuf-java-util-3.23.0.jar:/usr/local/share/tassel-5.2.89-0/lib/protobuf-kotlin-3.23.0.jar:/usr/local/share/tassel-5.2.89-0/lib/scala-library-2.10.1.jar:/usr/local/share/tassel-5.2.89-0/lib/slf4j-api-1.7.10.jar:/usr/local/share/tassel-5.2.89-0/lib/slf4j-simple-1.7.10.jar:/usr/local/share/tassel-5.2.89-0/lib/snappy-java-1.1.8.4.jar:/usr/local/share/tassel-5.2.89-0/lib/sqlite-jdbc-3.39.2.1.jar:/usr/local/share/tassel-5.2.89-0/lib/sshj-0.32.0.jar:/usr/local/share/tassel-5.2.89-0/lib/trove-3.0.3.jar:/usr/local/share/tassel-5.2.89-0/sTASSEL.jar
Memory Settings: -Xms1G -Xmx48G
Tassel Pipeline Arguments: -fork1 -GBSSeqToTagDBPlugin -c 10 -db /project/gifvl_vaccinium/blueberryGenotyping/blueberryEAA/database/blueberry_gbs_discovery.db -i /project/gifvl_vaccinium/blueberryGenotyping/blueberryEAA/input -k /project/gifvl_vaccinium/blueberryGenotyping/blueberryEAA/input/blueberry_gbs_delstate_all_keys.txt -e ApeKI -kmerLength 64 -minKmerL 20 -mnQS 20 -mxKmerNum 100000000 -endPlugin -runfork1
[main] INFO net.maizegenetics.tassel.TasselLogging - Tassel Version: 5.2.89  Date: May 19, 2023
[main] INFO net.maizegenetics.tassel.TasselLogging - Max Available Memory Reported by JVM: 49152 MB
[main] INFO net.maizegenetics.tassel.TasselLogging - Java Version: 20-internal
[main] INFO net.maizegenetics.tassel.TasselLogging - OS: Linux
[main] INFO net.maizegenetics.tassel.TasselLogging - Number of Processors: 16
[main] INFO net.maizegenetics.tassel.TasselLogging - Tassel Citation: Bradbury PJ, Zhang Z, Kroon DE, Casstevens TM, Ramdoss Y, Buckler ES. (2007) TASSEL: Software for association mapping of complex traits in diverse samples. Bioinformatics 23:2633-2635.
[main] INFO net.maizegenetics.tassel.TasselLogging - 
[main] INFO net.maizegenetics.tassel.TasselLogging - Tassel Using Library: Practical Haplotype Graph (PHG): Version: 1.5 Date: May 19, 2023
[main] INFO net.maizegenetics.tassel.TasselLogging - PHG Citation: Bradbury PJ, Casstevens T, Jensen SE, Johnson LC, Miller ZR, Monier B, Romay MC, Song B, Buckler ES. The Practical Haplotype Graph, a platform for storing and using pangenomes for imputation. Bioinformatics. 2022 Aug 2;38(15):3698-3702. doi: 10.1093/bioinformatics/btac410. PMID: 35748708; PMCID: PMC9344836.
[main] INFO net.maizegenetics.pipeline.TasselPipeline - Tassel Pipeline Arguments: [-fork1, -GBSSeqToTagDBPlugin, -c, 10, -db, /project/gifvl_vaccinium/blueberryGenotyping/blueberryEAA/database/blueberry_gbs_discovery.db, -i, /project/gifvl_vaccinium/blueberryGenotyping/blueberryEAA/input, -k, /project/gifvl_vaccinium/blueberryGenotyping/blueberryEAA/input/blueberry_gbs_delstate_all_keys.txt, -e, ApeKI, -kmerLength, 64, -minKmerL, 20, -mnQS, 20, -mxKmerNum, 100000000, -endPlugin, -runfork1]
net.maizegenetics.analysis.gbs.v2.GBSSeqToTagDBPlugin
[pool-1-thread-1] INFO net.maizegenetics.plugindef.AbstractPlugin - Starting net.maizegenetics.analysis.gbs.v2.GBSSeqToTagDBPlugin: time: Jul 17, 2024 13:35:3
[pool-1-thread-1] INFO net.maizegenetics.plugindef.AbstractPlugin - 
GBSSeqToTagDBPlugin Parameters
i: /project/gifvl_vaccinium/blueberryGenotyping/blueberryEAA/input
k: /project/gifvl_vaccinium/blueberryGenotyping/blueberryEAA/input/blueberry_gbs_delstate_all_keys.txt
e: ApeKI
kmerLength: 64
minKmerL: 20
c: 10
db: /project/gifvl_vaccinium/blueberryGenotyping/blueberryEAA/database/blueberry_gbs_discovery.db
mnQS: 20
mxKmerNum: 100000000
batchSize: 8
deleteOldData: true

Found 2 files to process
Failed to load native library:sqlite-3.39.2.1-8612691e-649c-4d05-bbe3-b44944eae69d-libsqlitejdbc.so. osinfo: Linux/x86_64
java.lang.UnsatisfiedLinkError: /tmp/sqlite-3.39.2.1-8612691e-649c-4d05-bbe3-b44944eae69d-libsqlitejdbc.so: /tmp/sqlite-3.39.2.1-8612691e-649c-4d05-bbe3-b44944eae69d-libsqlitejdbc.so: failed to map segment from shared object
	at java.base/jdk.internal.loader.NativeLibraries.load(Native Method)
	at java.base/jdk.internal.loader.NativeLibraries$NativeLibraryImpl.open(NativeLibraries.java:331)
	at java.base/jdk.internal.loader.NativeLibraries.loadLibrary(NativeLibraries.java:197)
	at java.base/jdk.internal.loader.NativeLibraries.loadLibrary(NativeLibraries.java:139)
	at java.base/java.lang.ClassLoader.loadLibrary(ClassLoader.java:2404)
	at java.base/java.lang.Runtime.load0(Runtime.java:817)
	at java.base/java.lang.System.load(System.java:2015)
	at org.sqlite.SQLiteJDBCLoader.loadNativeLibrary(SQLiteJDBCLoader.java:280)
	at org.sqlite.SQLiteJDBCLoader.extractAndLoadLibraryFile(SQLiteJDBCLoader.java:237)
	at org.sqlite.SQLiteJDBCLoader.loadSQLiteNativeLibrary(SQLiteJDBCLoader.java:350)
	at org.sqlite.SQLiteJDBCLoader.initialize(SQLiteJDBCLoader.java:68)
	at org.sqlite.core.NativeDB.load(NativeDB.java:62)
	at org.sqlite.SQLiteConnection.open(SQLiteConnection.java:255)
	at org.sqlite.SQLiteConnection.<init>(SQLiteConnection.java:61)
	at org.sqlite.jdbc3.JDBC3Connection.<init>(JDBC3Connection.java:23)
	at org.sqlite.jdbc4.JDBC4Connection.<init>(JDBC4Connection.java:19)
	at org.sqlite.JDBC.createConnection(JDBC.java:104)
	at org.sqlite.JDBC.connect(JDBC.java:77)
	at java.sql/java.sql.DriverManager.getConnection(DriverManager.java:683)
	at java.sql/java.sql.DriverManager.getConnection(DriverManager.java:191)
	at net.maizegenetics.dna.tag.TagDataSQLite.<init>(TagDataSQLite.java:91)
	at net.maizegenetics.analysis.gbs.v2.GBSSeqToTagDBPlugin.processData(GBSSeqToTagDBPlugin.java:218)
	at net.maizegenetics.plugindef.AbstractPlugin.performFunction(AbstractPlugin.java:111)
	at net.maizegenetics.plugindef.AbstractPlugin.dataSetReturned(AbstractPlugin.java:2017)
	at net.maizegenetics.plugindef.ThreadedPluginListener.run(ThreadedPluginListener.java:29)
	at java.base/java.util.concurrent.Executors$RunnableAdapter.call(Executors.java:577)
	at java.base/java.util.concurrent.FutureTask.run(FutureTask.java:317)
	at java.base/java.util.concurrent.ThreadPoolExecutor.runWorker(ThreadPoolExecutor.java:1144)
	at java.base/java.util.concurrent.ThreadPoolExecutor$Worker.run(ThreadPoolExecutor.java:642)
	at java.base/java.lang.Thread.run(Thread.java:1623)
Error opening connection
java.sql.SQLException: Error opening connection
	at org.sqlite.SQLiteConnection.open(SQLiteConnection.java:258)
	at org.sqlite.SQLiteConnection.<init>(SQLiteConnection.java:61)
	at org.sqlite.jdbc3.JDBC3Connection.<init>(JDBC3Connection.java:23)
	at org.sqlite.jdbc4.JDBC4Connection.<init>(JDBC4Connection.java:19)
	at org.sqlite.JDBC.createConnection(JDBC.java:104)
	at org.sqlite.JDBC.connect(JDBC.java:77)
	at java.sql/java.sql.DriverManager.getConnection(DriverManager.java:683)
	at java.sql/java.sql.DriverManager.getConnection(DriverManager.java:191)
	at net.maizegenetics.dna.tag.TagDataSQLite.<init>(TagDataSQLite.java:91)
	at net.maizegenetics.analysis.gbs.v2.GBSSeqToTagDBPlugin.processData(GBSSeqToTagDBPlugin.java:218)
	at net.maizegenetics.plugindef.AbstractPlugin.performFunction(AbstractPlugin.java:111)
	at net.maizegenetics.plugindef.AbstractPlugin.dataSetReturned(AbstractPlugin.java:2017)
	at net.maizegenetics.plugindef.ThreadedPluginListener.run(ThreadedPluginListener.java:29)
	at java.base/java.util.concurrent.Executors$RunnableAdapter.call(Executors.java:577)
	at java.base/java.util.concurrent.FutureTask.run(FutureTask.java:317)
	at java.base/java.util.concurrent.ThreadPoolExecutor.runWorker(ThreadPoolExecutor.java:1144)
	at java.base/java.util.concurrent.ThreadPoolExecutor$Worker.run(ThreadPoolExecutor.java:642)
	at java.base/java.lang.Thread.run(Thread.java:1623)
Caused by: java.lang.Exception: No native library found for os.name=Linux, os.arch=x86_64, paths=[/org/sqlite/native/Linux/x86_64:/.singularity.d/libs:/usr/java/packages/lib:/usr/lib64:/lib64:/lib:/usr/lib]
	at org.sqlite.SQLiteJDBCLoader.loadSQLiteNativeLibrary(SQLiteJDBCLoader.java:375)
	at org.sqlite.SQLiteJDBCLoader.initialize(SQLiteJDBCLoader.java:68)
	at org.sqlite.core.NativeDB.load(NativeDB.java:62)
	at org.sqlite.SQLiteConnection.open(SQLiteConnection.java:255)
	... 17 more

Start processing batch 1
[ForkJoinPool.commonPool-worker-1] INFO net.maizegenetics.analysis.gbs.v2.GBSSeqToTagDBPlugin - processing file /project/gifvl_vaccinium/blueberryGenotyping/blueberryEAA/input/fastq_files/AHJMCHAFX2_1_fastq.txt.gz
[pool-1-thread-1] INFO net.maizegenetics.analysis.gbs.v2.GBSSeqToTagDBPlugin - processing file /project/gifvl_vaccinium/blueberryGenotyping/blueberryEAA/input/fastq_files/AHVM2HAFXY_1_fastq.txt.gz
[pool-1-thread-1] INFO net.maizegenetics.analysis.gbs.v2.GBSUtils - /project/gifvl_vaccinium/blueberryGenotyping/blueberryEAA/input/fastq_files/AHVM2HAFXY_1_fastq.txt.gz: Quality score base:64
[ForkJoinPool.commonPool-worker-1] INFO net.maizegenetics.analysis.gbs.v2.GBSUtils - /project/gifvl_vaccinium/blueberryGenotyping/blueberryEAA/input/fastq_files/AHJMCHAFX2_1_fastq.txt.gz: Quality score base:64
[ForkJoinPool.commonPool-worker-1] INFO net.maizegenetics.analysis.gbs.v2.GBSSeqToTagDBPlugin - Summary for /project/gifvl_vaccinium/blueberryGenotyping/blueberryEAA/input/fastq_files/AHJMCHAFX2_1_fastq.txt.gz
Total number of reads in lane=374915067
Total number of good barcoded reads=0
Total number of low quality reads=120006
Timing process (sorting, collapsing, and writing TagCount to file).
Process took 455677.23312 milliseconds.
tagCntMap size: 0
[pool-1-thread-1] INFO net.maizegenetics.analysis.gbs.v2.GBSSeqToTagDBPlugin - Summary for /project/gifvl_vaccinium/blueberryGenotyping/blueberryEAA/input/fastq_files/AHVM2HAFXY_1_fastq.txt.gz
Total number of reads in lane=374915067
Total number of good barcoded reads=0
Total number of low quality reads=340854494
Timing process (sorting, collapsing, and writing TagCount to file).
Process took 637404.491299 milliseconds.
tagCntMap size: 0

Kmers are added from batch 1. Total batch number: 1
Current number: 0. Max kmer number: 100000000
0.0 of max tag number
WARNING: Current tagcntmap size is 0 after processing batch 1
  This could happen if your total number of good barcoded reads is 0, or if there are no kmers that contain the min specified count
  If your good barcoded reads are 0, your reads may contain something other than ACGT or your minimum tag length may not be met.
  Adjust your minimum kmer count paramter,  adjust your minimum tag length, and/or inspect your fastQ files.
Total memory: 2.0 Gb
Free memory: 1.0 Gb
Max memory: 48.0 Gb



All the batch are processed
By removing kmers with minCount of 10Kmer number is reduced to 0

java.lang.NullPointerException: Cannot invoke "java.sql.Connection.createStatement()" because "this.connection" is null
	at net.maizegenetics.dna.tag.TagDataSQLite.putTaxaList(TagDataSQLite.java:376)
	at net.maizegenetics.analysis.gbs.v2.GBSSeqToTagDBPlugin.processData(GBSSeqToTagDBPlugin.java:278)
	at net.maizegenetics.plugindef.AbstractPlugin.performFunction(AbstractPlugin.java:111)
	at net.maizegenetics.plugindef.AbstractPlugin.dataSetReturned(AbstractPlugin.java:2017)
	at net.maizegenetics.plugindef.ThreadedPluginListener.run(ThreadedPluginListener.java:29)
	at java.base/java.util.concurrent.Executors$RunnableAdapter.call(Executors.java:577)
	at java.base/java.util.concurrent.FutureTask.run(FutureTask.java:317)
	at java.base/java.util.concurrent.ThreadPoolExecutor.runWorker(ThreadPoolExecutor.java:1144)
	at java.base/java.util.concurrent.ThreadPoolExecutor$Worker.run(ThreadPoolExecutor.java:642)
	at java.base/java.lang.Thread.run(Thread.java:1623)
[pool-1-thread-1] INFO net.maizegenetics.plugindef.AbstractPlugin - Finished net.maizegenetics.analysis.gbs.v2.GBSSeqToTagDBPlugin: time: Jul 17, 2024 13:45:41
[pool-1-thread-1] INFO net.maizegenetics.pipeline.TasselPipeline - net.maizegenetics.analysis.gbs.v2.GBSSeqToTagDBPlugin: time: Jul 17, 2024 13:45:41: progress: 100%
[pool-1-thread-1] INFO net.maizegenetics.plugindef.AbstractPlugin - net.maizegenetics.analysis.gbs.v2.GBSSeqToTagDBPlugin  Citation: Bradbury PJ, Zhang Z, Kroon DE, Casstevens TM, Ramdoss Y, Buckler ES. (2007) TASSEL: Software for association mapping of complex traits in diverse samples. Bioinformatics 23:2633-2635.
WARNING: SINGULARITY_TMPDIR and APPTAINER_TMPDIR have different values, using the latter
/usr/local/share/tassel-5.2.89-0/lib/ahocorasick-0.2.4.jar:/usr/local/share/tassel-5.2.89-0/lib/biojava-alignment-6.0.4.jar:/usr/local/share/tassel-5.2.89-0/lib/biojava-core-6.0.4.jar:/usr/local/share/tassel-5.2.89-0/lib/biojava-genome-6.0.4.jar:/usr/local/share/tassel-5.2.89-0/lib/biojava-phylo-4.2.12.jar:/usr/local/share/tassel-5.2.89-0/lib/colt-1.2.0.jar:/usr/local/share/tassel-5.2.89-0/lib/commons-codec-1.10.jar:/usr/local/share/tassel-5.2.89-0/lib/commons-io-2.11.0.jar:/usr/local/share/tassel-5.2.89-0/lib/commons-math3-3.4.1.jar:/usr/local/share/tassel-5.2.89-0/lib/ejml-core-0.41.jar:/usr/local/share/tassel-5.2.89-0/lib/ejml-ddense-0.41.jar:/usr/local/share/tassel-5.2.89-0/lib/error_prone_annotations-2.19.1.jar:/usr/local/share/tassel-5.2.89-0/lib/fastutil-8.2.2.jar:/usr/local/share/tassel-5.2.89-0/lib/forester-1.039.jar:/usr/local/share/tassel-5.2.89-0/lib/gs-core-1.3.jar:/usr/local/share/tassel-5.2.89-0/lib/gs-ui-1.3.jar:/usr/local/share/tassel-5.2.89-0/lib/guava-22.0.jar:/usr/local/share/tassel-5.2.89-0/lib/htsjdk-2.24.1.jar:/usr/local/share/tassel-5.2.89-0/lib/ini4j-0.5.4.jar:/usr/local/share/tassel-5.2.89-0/lib/itextpdf-5.1.0.jar:/usr/local/share/tassel-5.2.89-0/lib/jackson-annotations-2.13.2.jar:/usr/local/share/tassel-5.2.89-0/lib/jackson-core-2.13.2.jar:/usr/local/share/tassel-5.2.89-0/lib/jackson-databind-2.13.2.2.jar:/usr/local/share/tassel-5.2.89-0/lib/jackson-module-kotlin-2.13.2.jar:/usr/local/share/tassel-5.2.89-0/lib/javax.json-1.0.4.jar:/usr/local/share/tassel-5.2.89-0/lib/jcommon-1.0.23.jar:/usr/local/share/tassel-5.2.89-0/lib/jfreechart-1.0.19.jar:/usr/local/share/tassel-5.2.89-0/lib/jfreesvg-3.2.jar:/usr/local/share/tassel-5.2.89-0/lib/jhdf5-14.12.5.jar:/usr/local/share/tassel-5.2.89-0/lib/json-simple-1.1.1.jar:/usr/local/share/tassel-5.2.89-0/lib/junit-4.10.jar:/usr/local/share/tassel-5.2.89-0/lib/kotlin-reflect-1.6.10.jar:/usr/local/share/tassel-5.2.89-0/lib/kotlin-stdlib-1.6.10.jar:/usr/local/share/tassel-5.2.89-0/lib/kotlin-stdlib-jdk7-1.6.10.jar:/usr/local/share/tassel-5.2.89-0/lib/kotlin-stdlib-jdk8-1.6.10.jar:/usr/local/share/tassel-5.2.89-0/lib/kotlinx-coroutines-core-jvm-1.6.0.jar:/usr/local/share/tassel-5.2.89-0/lib/log4j-1.2.13.jar:/usr/local/share/tassel-5.2.89-0/lib/mail-1.4.jar:/usr/local/share/tassel-5.2.89-0/lib/phg.jar:/usr/local/share/tassel-5.2.89-0/lib/postgresql-9.4-1201.jdbc41.jar:/usr/local/share/tassel-5.2.89-0/lib/protobuf-java-3.23.0.jar:/usr/local/share/tassel-5.2.89-0/lib/protobuf-java-util-3.23.0.jar:/usr/local/share/tassel-5.2.89-0/lib/protobuf-kotlin-3.23.0.jar:/usr/local/share/tassel-5.2.89-0/lib/scala-library-2.10.1.jar:/usr/local/share/tassel-5.2.89-0/lib/slf4j-api-1.7.10.jar:/usr/local/share/tassel-5.2.89-0/lib/slf4j-simple-1.7.10.jar:/usr/local/share/tassel-5.2.89-0/lib/snappy-java-1.1.8.4.jar:/usr/local/share/tassel-5.2.89-0/lib/sqlite-jdbc-3.39.2.1.jar:/usr/local/share/tassel-5.2.89-0/lib/sshj-0.32.0.jar:/usr/local/share/tassel-5.2.89-0/lib/trove-3.0.3.jar:/usr/local/share/tassel-5.2.89-0/sTASSEL.jar
Memory Settings: -Xms1G -Xmx48G
Tassel Pipeline Arguments: -fork1 -TagExportToFastqPlugin -c 1 -db /project/gifvl_vaccinium/blueberryGenotyping/blueberryEAA/database/blueberry_gbs_discovery.db -o /project/gifvl_vaccinium/blueberryGenotyping/blueberryEAA/tags/gbs_tags_for_alignment.fa.gz -endPlugin -runfork1
[main] INFO net.maizegenetics.tassel.TasselLogging - Tassel Version: 5.2.89  Date: May 19, 2023
[main] INFO net.maizegenetics.tassel.TasselLogging - Max Available Memory Reported by JVM: 49152 MB
[main] INFO net.maizegenetics.tassel.TasselLogging - Java Version: 20-internal
[main] INFO net.maizegenetics.tassel.TasselLogging - OS: Linux
[main] INFO net.maizegenetics.tassel.TasselLogging - Number of Processors: 16
[main] INFO net.maizegenetics.tassel.TasselLogging - Tassel Citation: Bradbury PJ, Zhang Z, Kroon DE, Casstevens TM, Ramdoss Y, Buckler ES. (2007) TASSEL: Software for association mapping of complex traits in diverse samples. Bioinformatics 23:2633-2635.
[main] INFO net.maizegenetics.tassel.TasselLogging - 
[main] INFO net.maizegenetics.tassel.TasselLogging - Tassel Using Library: Practical Haplotype Graph (PHG): Version: 1.5 Date: May 19, 2023
[main] INFO net.maizegenetics.tassel.TasselLogging - PHG Citation: Bradbury PJ, Casstevens T, Jensen SE, Johnson LC, Miller ZR, Monier B, Romay MC, Song B, Buckler ES. The Practical Haplotype Graph, a platform for storing and using pangenomes for imputation. Bioinformatics. 2022 Aug 2;38(15):3698-3702. doi: 10.1093/bioinformatics/btac410. PMID: 35748708; PMCID: PMC9344836.
[main] INFO net.maizegenetics.pipeline.TasselPipeline - Tassel Pipeline Arguments: [-fork1, -TagExportToFastqPlugin, -c, 1, -db, /project/gifvl_vaccinium/blueberryGenotyping/blueberryEAA/database/blueberry_gbs_discovery.db, -o, /project/gifvl_vaccinium/blueberryGenotyping/blueberryEAA/tags/gbs_tags_for_alignment.fa.gz, -endPlugin, -runfork1]
net.maizegenetics.analysis.gbs.v2.TagExportToFastqPlugin
[pool-1-thread-1] INFO net.maizegenetics.plugindef.AbstractPlugin - Starting net.maizegenetics.analysis.gbs.v2.TagExportToFastqPlugin: time: Jul 17, 2024 13:45:43
[pool-1-thread-1] INFO net.maizegenetics.plugindef.AbstractPlugin - 
TagExportToFastqPlugin Parameters
db: /project/gifvl_vaccinium/blueberryGenotyping/blueberryEAA/database/blueberry_gbs_discovery.db
o: /project/gifvl_vaccinium/blueberryGenotyping/blueberryEAA/tags/gbs_tags_for_alignment.fa.gz
c: 1

[pool-1-thread-1] ERROR net.maizegenetics.plugindef.AbstractPlugin - -db: /project/gifvl_vaccinium/blueberryGenotyping/blueberryEAA/database/blueberry_gbs_discovery.db doesn't exist

[pool-1-thread-1] INFO net.maizegenetics.plugindef.AbstractPlugin - 
Usage:
TagExportToFastqPlugin <options>
-db <Input DB> : Input database file with tags and taxa distribution (required)
-o <Output File> : Output fastq file to use as input for BWA or bowtie2 (required)
-c <Min Count> : Minimum count of reads for a tag to be output (Default: 1)

gzip: /project/gifvl_vaccinium/blueberryGenotyping/blueberryEAA/tags/gbs_tags_for_alignment.fa.gz: No such file or directory
