Processing single-end data.
Using Phred+33 encoding for quality scores.
Found 1 input file(s).
Searching for single-end, inlined barcodes.
Loaded 95 barcodes (5-10bp).
Will attempt to recover barcodes with at most 1 mismatches.
Setting number of threads to 16; 1 reader thread; 4 writer threads; 11 worker threads.
Processing file 1 of 1 [C50VDACXX_5_fastq.gz]
  Processing RAD-Tags...1M...2M...3M...4M...5M...6M...7M...8M...9M...10M...11M...
12M...13M...14M...15M...16M...17M...18M...19M...20M...21M...22M...23M...24M...25M...
26M...27M...28M...29M...30M...31M...32M...33M...34M...35M...36M...37M...38M...39M...
40M...41M...42M...43M...44M...45M...46M...47M...48M...49M...50M...51M...52M...53M...
54M...55M...56M...57M...58M...59M...60M...61M...62M...63M...64M...65M...66M...67M...
68M...69M...70M...71M...72M...73M...74M...75M...76M...77M...78M...79M...80M...81M...
82M...83M...84M...85M...86M...87M...88M...89M...90M...91M...92M...93M...94M...95M...
96M...97M...98M...99M...100M...101M...102M...103M...104M...105M...106M...107M...108M...
109M...110M...111M...112M...113M...114M...115M...116M...117M...118M...119M...120M...
121M...122M...123M...124M...125M...126M...127M...128M...129M...130M...131M...132M...
133M...134M...135M...136M...137M...138M...139M...140M...141M...142M...143M...144M...
145M...146M...147M...148M...149M...150M...151M...152M...153M...154M...155M...156M...
157M...158M...159M...160M...161M...162M...163M...164M...165M...166M...167M...168M...
169M...170M...171M...172M...173M...174M...175M...176M...177M...178M...179M...180M...
181M...182M...183M...184M...185M...186M...187M...188M...189M...190M...191M...192M...
193M...194M...195M...196M...197M...198M...199M...200M...201M...202M...203M...204M...
205M...206M...207M...208M...209M...210M...211M...212M...213M...214M...215M...216M...
217M...218M...219M...220M...221M...222M...223M...224M...225M...226M...227M...228M...
229M...230M...231M...232M...233M...234M...235M...236M...237M...238M...239M...240M...
241M...242M...243M...244M...245M...246M...247M...248M...249M...250M...251M...252M...
253M...254M...255M...256M...257M...258M...259M...260M...261M...262M...263M...264M...
265M...266M...267M...268M...269M...270M...271M...272M...273M...274M...275M...276M...
277M...278M...279M...280M...281M...282M...283M...284M...285M...286M...287M...288M...

  288333754 total reads; -9040367 ambiguous barcodes; -15607370 ambiguous RAD-Tags; +52129915 recovered; -64907861 low quality reads; 198778156 retained reads.
Closing files, flushing buffers...done.

288333754 total sequences
  9040367 barcode not found drops (3.1%)
 64907861 low quality read drops (22.5%)
 15607370 RAD cutsite not found drops (5.4%)
198778156 retained reads (68.9%)

Details logged: '/project/gifvl_vaccinium/cranberryGenotyping/cranberryHistoricalGBS/demultiplexed_fastq_files/C50VDACXX_5/process_radtags.fastq_files.log'
For a summary, execute one or more:
  stacks-dist-extract /project/gifvl_vaccinium/cranberryGenotyping/cranberryHistoricalGBS/demultiplexed_fastq_files/C50VDACXX_5/process_radtags.fastq_files.log total_raw_read_counts
  stacks-dist-extract --pretty /project/gifvl_vaccinium/cranberryGenotyping/cranberryHistoricalGBS/demultiplexed_fastq_files/C50VDACXX_5/process_radtags.fastq_files.log per_barcode_raw_read_counts
process_radtags is done.
Processing single-end data.
Using Phred+33 encoding for quality scores.
Found 1 input file(s).
Searching for single-end, inlined barcodes.
Loaded 95 barcodes (4-8bp).
Will attempt to recover barcodes with at most 1 mismatches.
Setting number of threads to 16; 1 reader thread; 4 writer threads; 11 worker threads.
Processing file 1 of 1 [C574FACXX_3_fastq.gz]
  Processing RAD-Tags.../var/spool/slurmd/job12922978/slurm_script: line 62: 442937 Segmentation fault      (core dumped) process_radtags -f $fastqfile -b $file -e 'ecoT22I' -o $outputdir --threads $NTHREADS --clean --quality --rescue
