/usr/local/sbin/log-module.py:43: DeprecationWarning: The 'warn' method is deprecated, use 'warning' instead
  my_logger.warn("ModuleLoggingWARN Unexpected arguments to log-module.py: " + str(leftovers))
/usr/local/sbin/log-module.py:43: DeprecationWarning: The 'warn' method is deprecated, use 'warning' instead
  my_logger.warn("ModuleLoggingWARN Unexpected arguments to log-module.py: " + str(leftovers))
/usr/local/sbin/log-module.py:43: DeprecationWarning: The 'warn' method is deprecated, use 'warning' instead
  my_logger.warn("ModuleLoggingWARN Unexpected arguments to log-module.py: " + str(leftovers))
[bam_sort_core] merging from 1008 files and 72 in-memory blocks...
Error: Failed to set region: -1:0-1,000,000(*)
ERROR(freebayes): Could not SetRegion to chr1:0..1000000
Error: Failed to set region: -1:1,000,000-2,000,000(*)
ERROR(freebayes): Could not SetRegion to chr1:1000000..2000000
Error: Failed to set region: -1:2,000,000-3,000,000(*)
ERROR(freebayes): Could not SetRegion to chr1:2000000..3000000
Error: Failed to set region: -1:3,000,000-4,000,000(*)
ERROR(freebayes): Could not SetRegion to chr1:3000000..4000000
Error: Failed to set region: -1:4,000,000-5,000,000(*)
ERROR(freebayes): Could not SetRegion to chr1:4000000..5000000
Error: Failed to set region: -1:5,000,000-6,000,000(*)
ERROR(freebayes): Could not SetRegion to chr1:5000000..6000000
Error: Failed to set region: -1:6,000,000-7,000,000(*)
ERROR(freebayes): Could not SetRegion to chr1:6000000..7000000
Error: Failed to set region: -1:7,000,000-8,000,000(*)
ERROR(freebayes): Could not SetRegion to chr1:7000000..8000000
Error: Failed to set region: -1:8,000,000-9,000,000(*)
ERROR(freebayes): Could not SetRegion to chr1:8000000..9000000
Error: Failed to set region: -1:9,000,000-10,000,000(*)
ERROR(freebayes): Could not SetRegion to chr1:9000000..10000000
Error: Failed to set region: -1:10,000,000-11,000,000(*)
ERROR(freebayes): Could not SetRegion to chr1:10000000..11000000
Error: Failed to set region: -1:11,000,000-12,000,000(*)
ERROR(freebayes): Could not SetRegion to chr1:11000000..12000000
Error: Failed to set region: -1:12,000,000-13,000,000(*)
ERROR(freebayes): Could not SetRegion to chr1:12000000..13000000
Error: Failed to set region: -1:13,000,000-14,000,000(*)
ERROR(freebayes): Could not SetRegion to chr1:13000000..14000000
Error: Failed to set region: -1:14,000,000-15,000,000(*)
ERROR(freebayes): Could not SetRegion to chr1:14000000..15000000
Error: Failed to set region: -1:15,000,000-16,000,000(*)
ERROR(freebayes): Could not SetRegion to chr1:15000000..16000000
Error: Failed to set region: -1:16,000,000-17,000,000(*)
ERROR(freebayes): Could not SetRegion to chr1:16000000..17000000
Error: Failed to set region: -1:17,000,000-18,000,000(*)
ERROR(freebayes): Could not SetRegion to chr1:17000000..18000000
Error: Failed to set region: -1:18,000,000-19,000,000(*)
ERROR(freebayes): Could not SetRegion to chr1:18000000..19000000
Error: Failed to set region: -1:19,000,000-20,000,000(*)
ERROR(freebayes): Could not SetRegion to chr1:19000000..20000000
Error: Failed to set region: -1:20,000,000-21,000,000(*)
ERROR(freebayes): Could not SetRegion to chr1:20000000..21000000
Error: Failed to set region: -1:21,000,000-22,000,000(*)
ERROR(freebayes): Could not SetRegion to chr1:21000000..22000000
Error: Failed to set region: -1:22,000,000-23,000,000(*)
ERROR(freebayes): Could not SetRegion to chr1:22000000..23000000
Error: Failed to set region: -1:23,000,000-24,000,000(*)
ERROR(freebayes): Could not SetRegion to chr1:23000000..24000000
Error: Failed to set region: -1:24,000,000-25,000,000(*)
ERROR(freebayes): Could not SetRegion to chr1:24000000..25000000
Error: Failed to set region: -1:25,000,000-26,000,000(*)
ERROR(freebayes): Could not SetRegion to chr1:25000000..26000000
Error: Failed to set region: -1:26,000,000-27,000,000(*)
ERROR(freebayes): Could not SetRegion to chr1:26000000..27000000
Error: Failed to set region: -1:27,000,000-28,000,000(*)
ERROR(freebayes): Could not SetRegion to chr1:27000000..28000000
Error: Failed to set region: -1:28,000,000-29,000,000(*)
ERROR(freebayes): Could not SetRegion to chr1:28000000..29000000
Error: Failed to set region: -1:29,000,000-30,000,000(*)
ERROR(freebayes): Could not SetRegion to chr1:29000000..30000000
Error: Failed to set region: -1:30,000,000-31,000,000(*)
ERROR(freebayes): Could not SetRegion to chr1:30000000..31000000
Error: Failed to set region: -1:31,000,000-32,000,000(*)
ERROR(freebayes): Could not SetRegion to chr1:31000000..32000000
Error: Failed to set region: -1:32,000,000-33,000,000(*)
ERROR(freebayes): Could not SetRegion to chr1:32000000..33000000
Error: Failed to set region: -1:33,000,000-34,000,000(*)
ERROR(freebayes): Could not SetRegion to chr1:33000000..34000000
Error: Failed to set region: -1:34,000,000-35,000,000(*)
ERROR(freebayes): Could not SetRegion to chr1:34000000..35000000
Error: Failed to set region: -1:35,000,000-36,000,000(*)
ERROR(freebayes): Could not SetRegion to chr1:35000000..36000000
Error: Failed to set region: -1:36,000,000-37,000,000(*)
ERROR(freebayes): Could not SetRegion to chr1:36000000..37000000
Error: Failed to set region: -1:37,000,000-38,000,000(*)
ERROR(freebayes): Could not SetRegion to chr1:37000000..38000000
Error: Failed to set region: -1:38,000,000-39,000,000(*)
ERROR(freebayes): Could not SetRegion to chr1:38000000..39000000
Error: Failed to set region: -1:39,000,000-40,000,000(*)
ERROR(freebayes): Could not SetRegion to chr1:39000000..40000000
Error: Failed to set region: -1:40,000,000-41,000,000(*)
ERROR(freebayes): Could not SetRegion to chr1:40000000..41000000
Error: Failed to set region: -1:41,000,000-42,000,000(*)
ERROR(freebayes): Could not SetRegion to chr1:41000000..42000000
Error: Failed to set region: -1:42,000,000-43,000,000(*)
ERROR(freebayes): Could not SetRegion to chr1:42000000..43000000
Error: Failed to set region: -1:43,000,000-44,000,000(*)
ERROR(freebayes): Could not SetRegion to chr1:43000000..44000000
Error: Failed to set region: -1:44,000,000-45,000,000(*)
ERROR(freebayes): Could not SetRegion to chr1:44000000..45000000
Error: Failed to set region: -1:45,000,000-46,000,000(*)
ERROR(freebayes): Could not SetRegion to chr1:45000000..46000000
Error: Failed to set region: -1:46,000,000-47,000,000(*)
ERROR(freebayes): Could not SetRegion to chr1:46000000..47000000
Error: Failed to set region: -1:47,000,000-48,000,000(*)
ERROR(freebayes): Could not SetRegion to chr1:47000000..48000000
Error: Failed to set region: -1:48,000,000-49,000,000(*)
ERROR(freebayes): Could not SetRegion to chr1:48000000..49000000
Error: Failed to set region: -1:49,000,000-49,364,102(*)
ERROR(freebayes): Could not SetRegion to chr1:49000000..49364102
Error: Failed to set region: -1:0-1,000,000(*)
ERROR(freebayes): Could not SetRegion to chr2:0..1000000
Error: Failed to set region: -1:1,000,000-2,000,000(*)
ERROR(freebayes): Could not SetRegion to chr2:1000000..2000000
Error: Failed to set region: -1:2,000,000-3,000,000(*)
ERROR(freebayes): Could not SetRegion to chr2:2000000..3000000
Error: Failed to set region: -1:3,000,000-4,000,000(*)
ERROR(freebayes): Could not SetRegion to chr2:3000000..4000000
Error: Failed to set region: -1:4,000,000-5,000,000(*)
ERROR(freebayes): Could not SetRegion to chr2:4000000..5000000
Error: Failed to set region: -1:5,000,000-6,000,000(*)
ERROR(freebayes): Could not SetRegion to chr2:5000000..6000000
Error: Failed to set region: -1:6,000,000-7,000,000(*)
ERROR(freebayes): Could not SetRegion to chr2:6000000..7000000
Error: Failed to set region: -1:7,000,000-8,000,000(*)
ERROR(freebayes): Could not SetRegion to chr2:7000000..8000000
Error: Failed to set region: -1:8,000,000-9,000,000(*)
ERROR(freebayes): Could not SetRegion to chr2:8000000..9000000
Error: Failed to set region: -1:9,000,000-10,000,000(*)
ERROR(freebayes): Could not SetRegion to chr2:9000000..10000000
Error: Failed to set region: -1:10,000,000-11,000,000(*)
ERROR(freebayes): Could not SetRegion to chr2:10000000..11000000
Error: Failed to set region: -1:11,000,000-12,000,000(*)
ERROR(freebayes): Could not SetRegion to chr2:11000000..12000000
Error: Failed to set region: -1:12,000,000-13,000,000(*)
ERROR(freebayes): Could not SetRegion to chr2:12000000..13000000
Error: Failed to set region: -1:13,000,000-14,000,000(*)
ERROR(freebayes): Could not SetRegion to chr2:13000000..14000000
Error: Failed to set region: -1:14,000,000-15,000,000(*)
ERROR(freebayes): Could not SetRegion to chr2:14000000..15000000
Error: Failed to set region: -1:15,000,000-16,000,000(*)
ERROR(freebayes): Could not SetRegion to chr2:15000000..16000000
Error: Failed to set region: -1:16,000,000-17,000,000(*)
ERROR(freebayes): Could not SetRegion to chr2:16000000..17000000
Error: Failed to set region: -1:17,000,000-18,000,000(*)
ERROR(freebayes): Could not SetRegion to chr2:17000000..18000000
Error: Failed to set region: -1:18,000,000-19,000,000(*)
ERROR(freebayes): Could not SetRegion to chr2:18000000..19000000
Error: Failed to set region: -1:19,000,000-20,000,000(*)
ERROR(freebayes): Could not SetRegion to chr2:19000000..20000000
Error: Failed to set region: -1:20,000,000-21,000,000(*)
ERROR(freebayes): Could not SetRegion to chr2:20000000..21000000
Error: Failed to set region: -1:21,000,000-22,000,000(*)
ERROR(freebayes): Could not SetRegion to chr2:21000000..22000000
Error: Failed to set region: -1:22,000,000-23,000,000(*)
ERROR(freebayes): Could not SetRegion to chr2:22000000..23000000
Error: Failed to set region: -1:23,000,000-24,000,000(*)
ERROR(freebayes): Could not SetRegion to chr2:23000000..24000000
Error: Failed to set region: -1:24,000,000-25,000,000(*)
ERROR(freebayes): Could not SetRegion to chr2:24000000..25000000
Error: Failed to set region: -1:25,000,000-26,000,000(*)
ERROR(freebayes): Could not SetRegion to chr2:25000000..26000000
Error: Failed to set region: -1:26,000,000-27,000,000(*)
ERROR(freebayes): Could not SetRegion to chr2:26000000..27000000
Error: Failed to set region: -1:27,000,000-28,000,000(*)
ERROR(freebayes): Could not SetRegion to chr2:27000000..28000000
Error: Failed to set region: -1:28,000,000-29,000,000(*)
ERROR(freebayes): Could not SetRegion to chr2:28000000..29000000
Error: Failed to set region: -1:29,000,000-30,000,000(*)
ERROR(freebayes): Could not SetRegion to chr2:29000000..30000000
Error: Failed to set region: -1:30,000,000-31,000,000(*)
ERROR(freebayes): Could not SetRegion to chr2:30000000..31000000
Error: Failed to set region: -1:31,000,000-32,000,000(*)
ERROR(freebayes): Could not SetRegion to chr2:31000000..32000000
Error: Failed to set region: -1:32,000,000-33,000,000(*)
ERROR(freebayes): Could not SetRegion to chr2:32000000..33000000
Error: Failed to set region: -1:33,000,000-34,000,000(*)
ERROR(freebayes): Could not SetRegion to chr2:33000000..34000000
Error: Failed to set region: -1:34,000,000-35,000,000(*)
ERROR(freebayes): Could not SetRegion to chr2:34000000..35000000
Error: Failed to set region: -1:35,000,000-36,000,000(*)
ERROR(freebayes): Could not SetRegion to chr2:35000000..36000000
Error: Failed to set region: -1:36,000,000-37,000,000(*)
ERROR(freebayes): Could not SetRegion to chr2:36000000..37000000
Error: Failed to set region: -1:37,000,000-38,000,000(*)
ERROR(freebayes): Could not SetRegion to chr2:37000000..38000000
Error: Failed to set region: -1:38,000,000-39,000,000(*)
ERROR(freebayes): Could not SetRegion to chr2:38000000..39000000
Error: Failed to set region: -1:39,000,000-40,000,000(*)
ERROR(freebayes): Could not SetRegion to chr2:39000000..40000000
Error: Failed to set region: -1:40,000,000-40,677,176(*)
ERROR(freebayes): Could not SetRegion to chr2:40000000..40677176
Error: Failed to set region: -1:0-1,000,000(*)
ERROR(freebayes): Could not SetRegion to chr3:0..1000000
Error: Failed to set region: -1:1,000,000-2,000,000(*)
ERROR(freebayes): Could not SetRegion to chr3:1000000..2000000
Error: Failed to set region: -1:2,000,000-3,000,000(*)
ERROR(freebayes): Could not SetRegion to chr3:2000000..3000000
Error: Failed to set region: -1:3,000,000-4,000,000(*)
ERROR(freebayes): Could not SetRegion to chr3:3000000..4000000
Error: Failed to set region: -1:4,000,000-5,000,000(*)
ERROR(freebayes): Could not SetRegion to chr3:4000000..5000000
Error: Failed to set region: -1:5,000,000-6,000,000(*)
ERROR(freebayes): Could not SetRegion to chr3:5000000..6000000
Error: Failed to set region: -1:6,000,000-7,000,000(*)
ERROR(freebayes): Could not SetRegion to chr3:6000000..7000000
Error: Failed to set region: -1:7,000,000-8,000,000(*)
ERROR(freebayes): Could not SetRegion to chr3:7000000..8000000
Error: Failed to set region: -1:8,000,000-9,000,000(*)
ERROR(freebayes): Could not SetRegion to chr3:8000000..9000000
Error: Failed to set region: -1:9,000,000-10,000,000(*)
ERROR(freebayes): Could not SetRegion to chr3:9000000..10000000
Error: Failed to set region: -1:10,000,000-11,000,000(*)
ERROR(freebayes): Could not SetRegion to chr3:10000000..11000000
Error: Failed to set region: -1:11,000,000-12,000,000(*)
ERROR(freebayes): Could not SetRegion to chr3:11000000..12000000
Error: Failed to set region: -1:12,000,000-13,000,000(*)
ERROR(freebayes): Could not SetRegion to chr3:12000000..13000000
Error: Failed to set region: -1:13,000,000-14,000,000(*)
ERROR(freebayes): Could not SetRegion to chr3:13000000..14000000
Error: Failed to set region: -1:14,000,000-15,000,000(*)
ERROR(freebayes): Could not SetRegion to chr3:14000000..15000000
Error: Failed to set region: -1:15,000,000-16,000,000(*)
ERROR(freebayes): Could not SetRegion to chr3:15000000..16000000
Error: Failed to set region: -1:16,000,000-17,000,000(*)
ERROR(freebayes): Could not SetRegion to chr3:16000000..17000000
Error: Failed to set region: -1:17,000,000-18,000,000(*)
ERROR(freebayes): Could not SetRegion to chr3:17000000..18000000
Error: Failed to set region: -1:18,000,000-19,000,000(*)
ERROR(freebayes): Could not SetRegion to chr3:18000000..19000000
Error: Failed to set region: -1:19,000,000-20,000,000(*)
ERROR(freebayes): Could not SetRegion to chr3:19000000..20000000
Error: Failed to set region: -1:20,000,000-21,000,000(*)
ERROR(freebayes): Could not SetRegion to chr3:20000000..21000000
Error: Failed to set region: -1:21,000,000-22,000,000(*)
ERROR(freebayes): Could not SetRegion to chr3:21000000..22000000
Error: Failed to set region: -1:22,000,000-23,000,000(*)
ERROR(freebayes): Could not SetRegion to chr3:22000000..23000000
Error: Failed to set region: -1:23,000,000-24,000,000(*)
ERROR(freebayes): Could not SetRegion to chr3:23000000..24000000
Error: Failed to set region: -1:24,000,000-25,000,000(*)
ERROR(freebayes): Could not SetRegion to chr3:24000000..25000000
Error: Failed to set region: -1:25,000,000-26,000,000(*)
ERROR(freebayes): Could not SetRegion to chr3:25000000..26000000
Error: Failed to set region: -1:26,000,000-27,000,000(*)
ERROR(freebayes): Could not SetRegion to chr3:26000000..27000000
Error: Failed to set region: -1:27,000,000-28,000,000(*)
ERROR(freebayes): Could not SetRegion to chr3:27000000..28000000
Error: Failed to set region: -1:28,000,000-29,000,000(*)
ERROR(freebayes): Could not SetRegion to chr3:28000000..29000000
Error: Failed to set region: -1:29,000,000-30,000,000(*)
ERROR(freebayes): Could not SetRegion to chr3:29000000..30000000
Error: Failed to set region: -1:30,000,000-31,000,000(*)
ERROR(freebayes): Could not SetRegion to chr3:30000000..31000000
Error: Failed to set region: -1:31,000,000-32,000,000(*)
ERROR(freebayes): Could not SetRegion to chr3:31000000..32000000
Error: Failed to set region: -1:32,000,000-33,000,000(*)
ERROR(freebayes): Could not SetRegion to chr3:32000000..33000000
Error: Failed to set region: -1:33,000,000-34,000,000(*)
ERROR(freebayes): Could not SetRegion to chr3:33000000..34000000
Error: Failed to set region: -1:34,000,000-35,000,000(*)
ERROR(freebayes): Could not SetRegion to chr3:34000000..35000000
Error: Failed to set region: -1:35,000,000-36,000,000(*)
ERROR(freebayes): Could not SetRegion to chr3:35000000..36000000
Error: Failed to set region: -1:36,000,000-36,752,818(*)
ERROR(freebayes): Could not SetRegion to chr3:36000000..36752818
Error: Failed to set region: -1:0-1,000,000(*)
ERROR(freebayes): Could not SetRegion to chr4:0..1000000
Error: Failed to set region: -1:1,000,000-2,000,000(*)
ERROR(freebayes): Could not SetRegion to chr4:1000000..2000000
Error: Failed to set region: -1:2,000,000-3,000,000(*)
ERROR(freebayes): Could not SetRegion to chr4:2000000..3000000
Error: Failed to set region: -1:3,000,000-4,000,000(*)
ERROR(freebayes): Could not SetRegion to chr4:3000000..4000000
Error: Failed to set region: -1:4,000,000-5,000,000(*)
ERROR(freebayes): Could not SetRegion to chr4:4000000..5000000
Error: Failed to set region: -1:5,000,000-6,000,000(*)
ERROR(freebayes): Could not SetRegion to chr4:5000000..6000000
Error: Failed to set region: -1:6,000,000-7,000,000(*)
ERROR(freebayes): Could not SetRegion to chr4:6000000..7000000
Error: Failed to set region: -1:7,000,000-8,000,000(*)
ERROR(freebayes): Could not SetRegion to chr4:7000000..8000000
Error: Failed to set region: -1:8,000,000-9,000,000(*)
ERROR(freebayes): Could not SetRegion to chr4:8000000..9000000
Error: Failed to set region: -1:9,000,000-10,000,000(*)
ERROR(freebayes): Could not SetRegion to chr4:9000000..10000000
Error: Failed to set region: -1:10,000,000-11,000,000(*)
ERROR(freebayes): Could not SetRegion to chr4:10000000..11000000
Error: Failed to set region: -1:11,000,000-12,000,000(*)
ERROR(freebayes): Could not SetRegion to chr4:11000000..12000000
Error: Failed to set region: -1:12,000,000-13,000,000(*)
ERROR(freebayes): Could not SetRegion to chr4:12000000..13000000
Error: Failed to set region: -1:13,000,000-14,000,000(*)
ERROR(freebayes): Could not SetRegion to chr4:13000000..14000000
Error: Failed to set region: -1:14,000,000-15,000,000(*)
ERROR(freebayes): Could not SetRegion to chr4:14000000..15000000
Error: Failed to set region: -1:15,000,000-16,000,000(*)
ERROR(freebayes): Could not SetRegion to chr4:15000000..16000000
Error: Failed to set region: -1:16,000,000-17,000,000(*)
ERROR(freebayes): Could not SetRegion to chr4:16000000..17000000
Error: Failed to set region: -1:17,000,000-18,000,000(*)
ERROR(freebayes): Could not SetRegion to chr4:17000000..18000000
Error: Failed to set region: -1:18,000,000-19,000,000(*)
ERROR(freebayes): Could not SetRegion to chr4:18000000..19000000
Error: Failed to set region: -1:19,000,000-20,000,000(*)
ERROR(freebayes): Could not SetRegion to chr4:19000000..20000000
Error: Failed to set region: -1:20,000,000-21,000,000(*)
ERROR(freebayes): Could not SetRegion to chr4:20000000..21000000
Error: Failed to set region: -1:21,000,000-22,000,000(*)
ERROR(freebayes): Could not SetRegion to chr4:21000000..22000000
Error: Failed to set region: -1:22,000,000-23,000,000(*)
ERROR(freebayes): Could not SetRegion to chr4:22000000..23000000
Error: Failed to set region: -1:23,000,000-24,000,000(*)
ERROR(freebayes): Could not SetRegion to chr4:23000000..24000000
Error: Failed to set region: -1:24,000,000-25,000,000(*)
ERROR(freebayes): Could not SetRegion to chr4:24000000..25000000
Error: Failed to set region: -1:25,000,000-26,000,000(*)
ERROR(freebayes): Could not SetRegion to chr4:25000000..26000000
Error: Failed to set region: -1:26,000,000-27,000,000(*)
ERROR(freebayes): Could not SetRegion to chr4:26000000..27000000
Error: Failed to set region: -1:27,000,000-28,000,000(*)
ERROR(freebayes): Could not SetRegion to chr4:27000000..28000000
Error: Failed to set region: -1:28,000,000-29,000,000(*)
ERROR(freebayes): Could not SetRegion to chr4:28000000..29000000
Error: Failed to set region: -1:29,000,000-30,000,000(*)
ERROR(freebayes): Could not SetRegion to chr4:29000000..30000000
Error: Failed to set region: -1:30,000,000-31,000,000(*)
ERROR(freebayes): Could not SetRegion to chr4:30000000..31000000
Error: Failed to set region: -1:31,000,000-32,000,000(*)
ERROR(freebayes): Could not SetRegion to chr4:31000000..32000000
Error: Failed to set region: -1:32,000,000-33,000,000(*)
ERROR(freebayes): Could not SetRegion to chr4:32000000..33000000
Error: Failed to set region: -1:33,000,000-34,000,000(*)
ERROR(freebayes): Could not SetRegion to chr4:33000000..34000000
Error: Failed to set region: -1:34,000,000-35,000,000(*)
ERROR(freebayes): Could not SetRegion to chr4:34000000..35000000
Error: Failed to set region: -1:35,000,000-36,000,000(*)
ERROR(freebayes): Could not SetRegion to chr4:35000000..36000000
Error: Failed to set region: -1:36,000,000-37,000,000(*)
ERROR(freebayes): Could not SetRegion to chr4:36000000..37000000
Error: Failed to set region: -1:37,000,000-37,312,662(*)
ERROR(freebayes): Could not SetRegion to chr4:37000000..37312662
Error: Failed to set region: -1:0-1,000,000(*)
ERROR(freebayes): Could not SetRegion to chr5:0..1000000
Error: Failed to set region: -1:1,000,000-2,000,000(*)
ERROR(freebayes): Could not SetRegion to chr5:1000000..2000000
Error: Failed to set region: -1:2,000,000-3,000,000(*)
ERROR(freebayes): Could not SetRegion to chr5:2000000..3000000
Error: Failed to set region: -1:3,000,000-4,000,000(*)
ERROR(freebayes): Could not SetRegion to chr5:3000000..4000000
Error: Failed to set region: -1:4,000,000-5,000,000(*)
ERROR(freebayes): Could not SetRegion to chr5:4000000..5000000
Error: Failed to set region: -1:5,000,000-6,000,000(*)
ERROR(freebayes): Could not SetRegion to chr5:5000000..6000000
Error: Failed to set region: -1:6,000,000-7,000,000(*)
ERROR(freebayes): Could not SetRegion to chr5:6000000..7000000
Error: Failed to set region: -1:7,000,000-8,000,000(*)
ERROR(freebayes): Could not SetRegion to chr5:7000000..8000000
Error: Failed to set region: -1:8,000,000-9,000,000(*)
ERROR(freebayes): Could not SetRegion to chr5:8000000..9000000
Error: Failed to set region: -1:9,000,000-10,000,000(*)
ERROR(freebayes): Could not SetRegion to chr5:9000000..10000000
Error: Failed to set region: -1:10,000,000-11,000,000(*)
ERROR(freebayes): Could not SetRegion to chr5:10000000..11000000
Error: Failed to set region: -1:11,000,000-12,000,000(*)
ERROR(freebayes): Could not SetRegion to chr5:11000000..12000000
Error: Failed to set region: -1:12,000,000-13,000,000(*)
ERROR(freebayes): Could not SetRegion to chr5:12000000..13000000
Error: Failed to set region: -1:13,000,000-14,000,000(*)
ERROR(freebayes): Could not SetRegion to chr5:13000000..14000000
Error: Failed to set region: -1:14,000,000-15,000,000(*)
ERROR(freebayes): Could not SetRegion to chr5:14000000..15000000
Error: Failed to set region: -1:15,000,000-16,000,000(*)
ERROR(freebayes): Could not SetRegion to chr5:15000000..16000000
Error: Failed to set region: -1:16,000,000-17,000,000(*)
ERROR(freebayes): Could not SetRegion to chr5:16000000..17000000
Error: Failed to set region: -1:17,000,000-18,000,000(*)
ERROR(freebayes): Could not SetRegion to chr5:17000000..18000000
Error: Failed to set region: -1:18,000,000-19,000,000(*)
ERROR(freebayes): Could not SetRegion to chr5:18000000..19000000
Error: Failed to set region: -1:19,000,000-20,000,000(*)
ERROR(freebayes): Could not SetRegion to chr5:19000000..20000000
Error: Failed to set region: -1:20,000,000-21,000,000(*)
ERROR(freebayes): Could not SetRegion to chr5:20000000..21000000
Error: Failed to set region: -1:21,000,000-22,000,000(*)
ERROR(freebayes): Could not SetRegion to chr5:21000000..22000000
Error: Failed to set region: -1:22,000,000-23,000,000(*)
ERROR(freebayes): Could not SetRegion to chr5:22000000..23000000
Error: Failed to set region: -1:23,000,000-24,000,000(*)
ERROR(freebayes): Could not SetRegion to chr5:23000000..24000000
Error: Failed to set region: -1:24,000,000-25,000,000(*)
ERROR(freebayes): Could not SetRegion to chr5:24000000..25000000
Error: Failed to set region: -1:25,000,000-26,000,000(*)
ERROR(freebayes): Could not SetRegion to chr5:25000000..26000000
Error: Failed to set region: -1:26,000,000-27,000,000(*)
ERROR(freebayes): Could not SetRegion to chr5:26000000..27000000
Error: Failed to set region: -1:27,000,000-28,000,000(*)
ERROR(freebayes): Could not SetRegion to chr5:27000000..28000000
Error: Failed to set region: -1:28,000,000-29,000,000(*)
ERROR(freebayes): Could not SetRegion to chr5:28000000..29000000
Error: Failed to set region: -1:29,000,000-30,000,000(*)
ERROR(freebayes): Could not SetRegion to chr5:29000000..30000000
Error: Failed to set region: -1:30,000,000-31,000,000(*)
ERROR(freebayes): Could not SetRegion to chr5:30000000..31000000
Error: Failed to set region: -1:31,000,000-32,000,000(*)
ERROR(freebayes): Could not SetRegion to chr5:31000000..32000000
Error: Failed to set region: -1:32,000,000-33,000,000(*)
ERROR(freebayes): Could not SetRegion to chr5:32000000..33000000
Error: Failed to set region: -1:33,000,000-34,000,000(*)
ERROR(freebayes): Could not SetRegion to chr5:33000000..34000000
Error: Failed to set region: -1:34,000,000-35,000,000(*)
ERROR(freebayes): Could not SetRegion to chr5:34000000..35000000
Error: Failed to set region: -1:35,000,000-35,413,093(*)
ERROR(freebayes): Could not SetRegion to chr5:35000000..35413093
Error: Failed to set region: -1:0-1,000,000(*)
ERROR(freebayes): Could not SetRegion to chr6:0..1000000
Error: Failed to set region: -1:1,000,000-2,000,000(*)
ERROR(freebayes): Could not SetRegion to chr6:1000000..2000000
Error: Failed to set region: -1:2,000,000-3,000,000(*)
ERROR(freebayes): Could not SetRegion to chr6:2000000..3000000
Error: Failed to set region: -1:3,000,000-4,000,000(*)
ERROR(freebayes): Could not SetRegion to chr6:3000000..4000000
Error: Failed to set region: -1:4,000,000-5,000,000(*)
ERROR(freebayes): Could not SetRegion to chr6:4000000..5000000
Error: Failed to set region: -1:5,000,000-6,000,000(*)
ERROR(freebayes): Could not SetRegion to chr6:5000000..6000000
Error: Failed to set region: -1:6,000,000-7,000,000(*)
ERROR(freebayes): Could not SetRegion to chr6:6000000..7000000
Error: Failed to set region: -1:7,000,000-8,000,000(*)
ERROR(freebayes): Could not SetRegion to chr6:7000000..8000000
Error: Failed to set region: -1:8,000,000-9,000,000(*)
ERROR(freebayes): Could not SetRegion to chr6:8000000..9000000
Error: Failed to set region: -1:9,000,000-10,000,000(*)
ERROR(freebayes): Could not SetRegion to chr6:9000000..10000000
Error: Failed to set region: -1:10,000,000-11,000,000(*)
ERROR(freebayes): Could not SetRegion to chr6:10000000..11000000
Error: Failed to set region: -1:11,000,000-12,000,000(*)
ERROR(freebayes): Could not SetRegion to chr6:11000000..12000000
Error: Failed to set region: -1:12,000,000-13,000,000(*)
ERROR(freebayes): Could not SetRegion to chr6:12000000..13000000
Error: Failed to set region: -1:13,000,000-14,000,000(*)
ERROR(freebayes): Could not SetRegion to chr6:13000000..14000000
Error: Failed to set region: -1:14,000,000-15,000,000(*)
ERROR(freebayes): Could not SetRegion to chr6:14000000..15000000
Error: Failed to set region: -1:15,000,000-16,000,000(*)
ERROR(freebayes): Could not SetRegion to chr6:15000000..16000000
Error: Failed to set region: -1:16,000,000-17,000,000(*)
ERROR(freebayes): Could not SetRegion to chr6:16000000..17000000
Error: Failed to set region: -1:17,000,000-18,000,000(*)
ERROR(freebayes): Could not SetRegion to chr6:17000000..18000000
Error: Failed to set region: -1:18,000,000-19,000,000(*)
ERROR(freebayes): Could not SetRegion to chr6:18000000..19000000
Error: Failed to set region: -1:19,000,000-20,000,000(*)
ERROR(freebayes): Could not SetRegion to chr6:19000000..20000000
Error: Failed to set region: -1:20,000,000-21,000,000(*)
ERROR(freebayes): Could not SetRegion to chr6:20000000..21000000
Error: Failed to set region: -1:21,000,000-22,000,000(*)
ERROR(freebayes): Could not SetRegion to chr6:21000000..22000000
Error: Failed to set region: -1:22,000,000-23,000,000(*)
ERROR(freebayes): Could not SetRegion to chr6:22000000..23000000
Error: Failed to set region: -1:23,000,000-24,000,000(*)
ERROR(freebayes): Could not SetRegion to chr6:23000000..24000000
Error: Failed to set region: -1:24,000,000-25,000,000(*)
ERROR(freebayes): Could not SetRegion to chr6:24000000..25000000
Error: Failed to set region: -1:25,000,000-26,000,000(*)
ERROR(freebayes): Could not SetRegion to chr6:25000000..26000000
Error: Failed to set region: -1:26,000,000-27,000,000(*)
ERROR(freebayes): Could not SetRegion to chr6:26000000..27000000
Error: Failed to set region: -1:27,000,000-28,000,000(*)
ERROR(freebayes): Could not SetRegion to chr6:27000000..28000000
Error: Failed to set region: -1:28,000,000-29,000,000(*)
ERROR(freebayes): Could not SetRegion to chr6:28000000..29000000
Error: Failed to set region: -1:29,000,000-30,000,000(*)
ERROR(freebayes): Could not SetRegion to chr6:29000000..30000000
Error: Failed to set region: -1:30,000,000-31,000,000(*)
ERROR(freebayes): Could not SetRegion to chr6:30000000..31000000
Error: Failed to set region: -1:31,000,000-32,000,000(*)
ERROR(freebayes): Could not SetRegion to chr6:31000000..32000000
Error: Failed to set region: -1:32,000,000-33,000,000(*)
ERROR(freebayes): Could not SetRegion to chr6:32000000..33000000
Error: Failed to set region: -1:33,000,000-34,000,000(*)
ERROR(freebayes): Could not SetRegion to chr6:33000000..34000000
Error: Failed to set region: -1:34,000,000-35,000,000(*)
ERROR(freebayes): Could not SetRegion to chr6:34000000..35000000
Error: Failed to set region: -1:35,000,000-36,000,000(*)
ERROR(freebayes): Could not SetRegion to chr6:35000000..36000000
Error: Failed to set region: -1:36,000,000-37,000,000(*)
ERROR(freebayes): Could not SetRegion to chr6:36000000..37000000
Error: Failed to set region: -1:37,000,000-38,000,000(*)
ERROR(freebayes): Could not SetRegion to chr6:37000000..38000000
Error: Failed to set region: -1:38,000,000-39,000,000(*)
ERROR(freebayes): Could not SetRegion to chr6:38000000..39000000
Error: Failed to set region: -1:39,000,000-40,000,000(*)
ERROR(freebayes): Could not SetRegion to chr6:39000000..40000000
Error: Failed to set region: -1:40,000,000-40,540,501(*)
ERROR(freebayes): Could not SetRegion to chr6:40000000..40540501
Error: Failed to set region: -1:0-1,000,000(*)
ERROR(freebayes): Could not SetRegion to chr7:0..1000000
Error: Failed to set region: -1:1,000,000-2,000,000(*)
ERROR(freebayes): Could not SetRegion to chr7:1000000..2000000
Error: Failed to set region: -1:2,000,000-3,000,000(*)
ERROR(freebayes): Could not SetRegion to chr7:2000000..3000000
Error: Failed to set region: -1:3,000,000-4,000,000(*)
ERROR(freebayes): Could not SetRegion to chr7:3000000..4000000
Error: Failed to set region: -1:4,000,000-5,000,000(*)
ERROR(freebayes): Could not SetRegion to chr7:4000000..5000000
Error: Failed to set region: -1:5,000,000-6,000,000(*)
ERROR(freebayes): Could not SetRegion to chr7:5000000..6000000
Error: Failed to set region: -1:6,000,000-7,000,000(*)
ERROR(freebayes): Could not SetRegion to chr7:6000000..7000000
Error: Failed to set region: -1:7,000,000-8,000,000(*)
ERROR(freebayes): Could not SetRegion to chr7:7000000..8000000
Error: Failed to set region: -1:8,000,000-9,000,000(*)
ERROR(freebayes): Could not SetRegion to chr7:8000000..9000000
Error: Failed to set region: -1:9,000,000-10,000,000(*)
ERROR(freebayes): Could not SetRegion to chr7:9000000..10000000
Error: Failed to set region: -1:10,000,000-11,000,000(*)
ERROR(freebayes): Could not SetRegion to chr7:10000000..11000000
Error: Failed to set region: -1:11,000,000-12,000,000(*)
ERROR(freebayes): Could not SetRegion to chr7:11000000..12000000
Error: Failed to set region: -1:12,000,000-13,000,000(*)
ERROR(freebayes): Could not SetRegion to chr7:12000000..13000000
Error: Failed to set region: -1:13,000,000-14,000,000(*)
ERROR(freebayes): Could not SetRegion to chr7:13000000..14000000
Error: Failed to set region: -1:14,000,000-15,000,000(*)
ERROR(freebayes): Could not SetRegion to chr7:14000000..15000000
Error: Failed to set region: -1:15,000,000-16,000,000(*)
ERROR(freebayes): Could not SetRegion to chr7:15000000..16000000
Error: Failed to set region: -1:16,000,000-17,000,000(*)
ERROR(freebayes): Could not SetRegion to chr7:16000000..17000000
Error: Failed to set region: -1:17,000,000-18,000,000(*)
ERROR(freebayes): Could not SetRegion to chr7:17000000..18000000
Error: Failed to set region: -1:18,000,000-19,000,000(*)
ERROR(freebayes): Could not SetRegion to chr7:18000000..19000000
Error: Failed to set region: -1:19,000,000-20,000,000(*)
ERROR(freebayes): Could not SetRegion to chr7:19000000..20000000
Error: Failed to set region: -1:20,000,000-21,000,000(*)
ERROR(freebayes): Could not SetRegion to chr7:20000000..21000000
Error: Failed to set region: -1:21,000,000-22,000,000(*)
ERROR(freebayes): Could not SetRegion to chr7:21000000..22000000
Error: Failed to set region: -1:22,000,000-23,000,000(*)
ERROR(freebayes): Could not SetRegion to chr7:22000000..23000000
Error: Failed to set region: -1:23,000,000-24,000,000(*)
ERROR(freebayes): Could not SetRegion to chr7:23000000..24000000
Error: Failed to set region: -1:24,000,000-25,000,000(*)
ERROR(freebayes): Could not SetRegion to chr7:24000000..25000000
Error: Failed to set region: -1:25,000,000-26,000,000(*)
ERROR(freebayes): Could not SetRegion to chr7:25000000..26000000
Error: Failed to set region: -1:26,000,000-27,000,000(*)
ERROR(freebayes): Could not SetRegion to chr7:26000000..27000000
Error: Failed to set region: -1:27,000,000-28,000,000(*)
ERROR(freebayes): Could not SetRegion to chr7:27000000..28000000
Error: Failed to set region: -1:28,000,000-29,000,000(*)
ERROR(freebayes): Could not SetRegion to chr7:28000000..29000000
Error: Failed to set region: -1:29,000,000-30,000,000(*)
ERROR(freebayes): Could not SetRegion to chr7:29000000..30000000
Error: Failed to set region: -1:30,000,000-31,000,000(*)
ERROR(freebayes): Could not SetRegion to chr7:30000000..31000000
Error: Failed to set region: -1:31,000,000-32,000,000(*)
ERROR(freebayes): Could not SetRegion to chr7:31000000..32000000
Error: Failed to set region: -1:32,000,000-33,000,000(*)
ERROR(freebayes): Could not SetRegion to chr7:32000000..33000000
Error: Failed to set region: -1:33,000,000-34,000,000(*)
ERROR(freebayes): Could not SetRegion to chr7:33000000..34000000
Error: Failed to set region: -1:34,000,000-35,000,000(*)
ERROR(freebayes): Could not SetRegion to chr7:34000000..35000000
Error: Failed to set region: -1:35,000,000-36,000,000(*)
ERROR(freebayes): Could not SetRegion to chr7:35000000..36000000
Error: Failed to set region: -1:36,000,000-37,000,000(*)
ERROR(freebayes): Could not SetRegion to chr7:36000000..37000000
Error: Failed to set region: -1:37,000,000-37,480,686(*)
ERROR(freebayes): Could not SetRegion to chr7:37000000..37480686
Error: Failed to set region: -1:0-1,000,000(*)
ERROR(freebayes): Could not SetRegion to chr8:0..1000000
Error: Failed to set region: -1:1,000,000-2,000,000(*)
ERROR(freebayes): Could not SetRegion to chr8:1000000..2000000
Error: Failed to set region: -1:2,000,000-3,000,000(*)
ERROR(freebayes): Could not SetRegion to chr8:2000000..3000000
Error: Failed to set region: -1:3,000,000-4,000,000(*)
ERROR(freebayes): Could not SetRegion to chr8:3000000..4000000
Error: Failed to set region: -1:4,000,000-5,000,000(*)
ERROR(freebayes): Could not SetRegion to chr8:4000000..5000000
Error: Failed to set region: -1:5,000,000-6,000,000(*)
ERROR(freebayes): Could not SetRegion to chr8:5000000..6000000
Error: Failed to set region: -1:6,000,000-7,000,000(*)
ERROR(freebayes): Could not SetRegion to chr8:6000000..7000000
Error: Failed to set region: -1:7,000,000-8,000,000(*)
ERROR(freebayes): Could not SetRegion to chr8:7000000..8000000
Error: Failed to set region: -1:8,000,000-9,000,000(*)
ERROR(freebayes): Could not SetRegion to chr8:8000000..9000000
Error: Failed to set region: -1:9,000,000-10,000,000(*)
ERROR(freebayes): Could not SetRegion to chr8:9000000..10000000
Error: Failed to set region: -1:10,000,000-11,000,000(*)
ERROR(freebayes): Could not SetRegion to chr8:10000000..11000000
Error: Failed to set region: -1:11,000,000-12,000,000(*)
ERROR(freebayes): Could not SetRegion to chr8:11000000..12000000
Error: Failed to set region: -1:12,000,000-13,000,000(*)
ERROR(freebayes): Could not SetRegion to chr8:12000000..13000000
Error: Failed to set region: -1:13,000,000-14,000,000(*)
ERROR(freebayes): Could not SetRegion to chr8:13000000..14000000
Error: Failed to set region: -1:14,000,000-15,000,000(*)
ERROR(freebayes): Could not SetRegion to chr8:14000000..15000000
Error: Failed to set region: -1:15,000,000-16,000,000(*)
ERROR(freebayes): Could not SetRegion to chr8:15000000..16000000
Error: Failed to set region: -1:16,000,000-17,000,000(*)
ERROR(freebayes): Could not SetRegion to chr8:16000000..17000000
Error: Failed to set region: -1:17,000,000-18,000,000(*)
ERROR(freebayes): Could not SetRegion to chr8:17000000..18000000
Error: Failed to set region: -1:18,000,000-19,000,000(*)
ERROR(freebayes): Could not SetRegion to chr8:18000000..19000000
Error: Failed to set region: -1:19,000,000-20,000,000(*)
ERROR(freebayes): Could not SetRegion to chr8:19000000..20000000
Error: Failed to set region: -1:20,000,000-21,000,000(*)
ERROR(freebayes): Could not SetRegion to chr8:20000000..21000000
Error: Failed to set region: -1:21,000,000-22,000,000(*)
ERROR(freebayes): Could not SetRegion to chr8:21000000..22000000
Error: Failed to set region: -1:22,000,000-23,000,000(*)
ERROR(freebayes): Could not SetRegion to chr8:22000000..23000000
Error: Failed to set region: -1:23,000,000-24,000,000(*)
ERROR(freebayes): Could not SetRegion to chr8:23000000..24000000
Error: Failed to set region: -1:24,000,000-25,000,000(*)
ERROR(freebayes): Could not SetRegion to chr8:24000000..25000000
Error: Failed to set region: -1:25,000,000-26,000,000(*)
ERROR(freebayes): Could not SetRegion to chr8:25000000..26000000
Error: Failed to set region: -1:26,000,000-27,000,000(*)
ERROR(freebayes): Could not SetRegion to chr8:26000000..27000000
Error: Failed to set region: -1:27,000,000-28,000,000(*)
ERROR(freebayes): Could not SetRegion to chr8:27000000..28000000
Error: Failed to set region: -1:28,000,000-29,000,000(*)
ERROR(freebayes): Could not SetRegion to chr8:28000000..29000000
Error: Failed to set region: -1:29,000,000-30,000,000(*)
ERROR(freebayes): Could not SetRegion to chr8:29000000..30000000
Error: Failed to set region: -1:30,000,000-31,000,000(*)
ERROR(freebayes): Could not SetRegion to chr8:30000000..31000000
Error: Failed to set region: -1:31,000,000-32,000,000(*)
ERROR(freebayes): Could not SetRegion to chr8:31000000..32000000
Error: Failed to set region: -1:32,000,000-33,000,000(*)
ERROR(freebayes): Could not SetRegion to chr8:32000000..33000000
Error: Failed to set region: -1:33,000,000-34,000,000(*)
ERROR(freebayes): Could not SetRegion to chr8:33000000..34000000
Error: Failed to set region: -1:34,000,000-35,000,000(*)
ERROR(freebayes): Could not SetRegion to chr8:34000000..35000000
Error: Failed to set region: -1:35,000,000-36,000,000(*)
ERROR(freebayes): Could not SetRegion to chr8:35000000..36000000
Error: Failed to set region: -1:36,000,000-37,000,000(*)
ERROR(freebayes): Could not SetRegion to chr8:36000000..37000000
Error: Failed to set region: -1:37,000,000-38,000,000(*)
ERROR(freebayes): Could not SetRegion to chr8:37000000..38000000
Error: Failed to set region: -1:38,000,000-38,692,463(*)
ERROR(freebayes): Could not SetRegion to chr8:38000000..38692463
Error: Failed to set region: -1:0-1,000,000(*)
ERROR(freebayes): Could not SetRegion to chr9:0..1000000
Error: Failed to set region: -1:1,000,000-2,000,000(*)
ERROR(freebayes): Could not SetRegion to chr9:1000000..2000000
Error: Failed to set region: -1:2,000,000-3,000,000(*)
ERROR(freebayes): Could not SetRegion to chr9:2000000..3000000
Error: Failed to set region: -1:3,000,000-4,000,000(*)
ERROR(freebayes): Could not SetRegion to chr9:3000000..4000000
Error: Failed to set region: -1:4,000,000-5,000,000(*)
ERROR(freebayes): Could not SetRegion to chr9:4000000..5000000
Error: Failed to set region: -1:5,000,000-6,000,000(*)
ERROR(freebayes): Could not SetRegion to chr9:5000000..6000000
Error: Failed to set region: -1:6,000,000-7,000,000(*)
ERROR(freebayes): Could not SetRegion to chr9:6000000..7000000
Error: Failed to set region: -1:7,000,000-8,000,000(*)
ERROR(freebayes): Could not SetRegion to chr9:7000000..8000000
Error: Failed to set region: -1:8,000,000-9,000,000(*)
ERROR(freebayes): Could not SetRegion to chr9:8000000..9000000
Error: Failed to set region: -1:9,000,000-10,000,000(*)
ERROR(freebayes): Could not SetRegion to chr9:9000000..10000000
Error: Failed to set region: -1:10,000,000-11,000,000(*)
ERROR(freebayes): Could not SetRegion to chr9:10000000..11000000
Error: Failed to set region: -1:11,000,000-12,000,000(*)
ERROR(freebayes): Could not SetRegion to chr9:11000000..12000000
Error: Failed to set region: -1:12,000,000-13,000,000(*)
ERROR(freebayes): Could not SetRegion to chr9:12000000..13000000
Error: Failed to set region: -1:13,000,000-14,000,000(*)
ERROR(freebayes): Could not SetRegion to chr9:13000000..14000000
Error: Failed to set region: -1:14,000,000-15,000,000(*)
ERROR(freebayes): Could not SetRegion to chr9:14000000..15000000
Error: Failed to set region: -1:15,000,000-16,000,000(*)
ERROR(freebayes): Could not SetRegion to chr9:15000000..16000000
Error: Failed to set region: -1:16,000,000-17,000,000(*)
ERROR(freebayes): Could not SetRegion to chr9:16000000..17000000
Error: Failed to set region: -1:17,000,000-18,000,000(*)
ERROR(freebayes): Could not SetRegion to chr9:17000000..18000000
Error: Failed to set region: -1:18,000,000-19,000,000(*)
ERROR(freebayes): Could not SetRegion to chr9:18000000..19000000
Error: Failed to set region: -1:19,000,000-20,000,000(*)
ERROR(freebayes): Could not SetRegion to chr9:19000000..20000000
Error: Failed to set region: -1:20,000,000-21,000,000(*)
ERROR(freebayes): Could not SetRegion to chr9:20000000..21000000
Error: Failed to set region: -1:21,000,000-22,000,000(*)
ERROR(freebayes): Could not SetRegion to chr9:21000000..22000000
Error: Failed to set region: -1:22,000,000-23,000,000(*)
ERROR(freebayes): Could not SetRegion to chr9:22000000..23000000
Error: Failed to set region: -1:23,000,000-24,000,000(*)
ERROR(freebayes): Could not SetRegion to chr9:23000000..24000000
Error: Failed to set region: -1:24,000,000-25,000,000(*)
ERROR(freebayes): Could not SetRegion to chr9:24000000..25000000
Error: Failed to set region: -1:25,000,000-26,000,000(*)
ERROR(freebayes): Could not SetRegion to chr9:25000000..26000000
Error: Failed to set region: -1:26,000,000-27,000,000(*)
ERROR(freebayes): Could not SetRegion to chr9:26000000..27000000
Error: Failed to set region: -1:27,000,000-28,000,000(*)
ERROR(freebayes): Could not SetRegion to chr9:27000000..28000000
Error: Failed to set region: -1:28,000,000-29,000,000(*)
ERROR(freebayes): Could not SetRegion to chr9:28000000..29000000
Error: Failed to set region: -1:29,000,000-30,000,000(*)
ERROR(freebayes): Could not SetRegion to chr9:29000000..30000000
Error: Failed to set region: -1:30,000,000-31,000,000(*)
ERROR(freebayes): Could not SetRegion to chr9:30000000..31000000
Error: Failed to set region: -1:31,000,000-32,000,000(*)
ERROR(freebayes): Could not SetRegion to chr9:31000000..32000000
Error: Failed to set region: -1:32,000,000-33,000,000(*)
ERROR(freebayes): Could not SetRegion to chr9:32000000..33000000
Error: Failed to set region: -1:33,000,000-34,000,000(*)
ERROR(freebayes): Could not SetRegion to chr9:33000000..34000000
Error: Failed to set region: -1:34,000,000-35,000,000(*)
ERROR(freebayes): Could not SetRegion to chr9:34000000..35000000
Error: Failed to set region: -1:35,000,000-36,000,000(*)
ERROR(freebayes): Could not SetRegion to chr9:35000000..36000000
Error: Failed to set region: -1:36,000,000-37,000,000(*)
ERROR(freebayes): Could not SetRegion to chr9:36000000..37000000
Error: Failed to set region: -1:37,000,000-38,000,000(*)
ERROR(freebayes): Could not SetRegion to chr9:37000000..38000000
Error: Failed to set region: -1:38,000,000-39,000,000(*)
ERROR(freebayes): Could not SetRegion to chr9:38000000..39000000
Error: Failed to set region: -1:39,000,000-40,000,000(*)
ERROR(freebayes): Could not SetRegion to chr9:39000000..40000000
Error: Failed to set region: -1:40,000,000-41,000,000(*)
ERROR(freebayes): Could not SetRegion to chr9:40000000..41000000
Error: Failed to set region: -1:41,000,000-41,767,138(*)
ERROR(freebayes): Could not SetRegion to chr9:41000000..41767138
Error: Failed to set region: -1:0-658,263(*)
ERROR(freebayes): Could not SetRegion to scaffold00233:0..658263
Error: Failed to set region: -1:0-633,045(*)
ERROR(freebayes): Could not SetRegion to scaffold00244:0..633045
Error: Failed to set region: -1:0-567,515(*)
ERROR(freebayes): Could not SetRegion to scaffold00256:0..567515
Error: Failed to set region: -1:0-546,126(*)
ERROR(freebayes): Could not SetRegion to scaffold00259:0..546126
Error: Failed to set region: -1:0-527,237(*)
ERROR(freebayes): Could not SetRegion to scaffold00261:0..527237
Error: Failed to set region: -1:0-439,347(*)
ERROR(freebayes): Could not SetRegion to scaffold00280:0..439347
Error: Failed to set region: -1:0-409,540(*)
ERROR(freebayes): Could not SetRegion to scaffold00289:0..409540
Error: Failed to set region: -1:0-408,773(*)
ERROR(freebayes): Could not SetRegion to scaffold00290:0..408773
Error: Failed to set region: -1:0-366,850(*)
ERROR(freebayes): Could not SetRegion to scaffold00303:0..366850
Error: Failed to set region: -1:0-366,002(*)
ERROR(freebayes): Could not SetRegion to scaffold00305:0..366002
Error: Failed to set region: -1:0-354,316(*)
ERROR(freebayes): Could not SetRegion to scaffold00307:0..354316
Error: Failed to set region: -1:0-353,174(*)
ERROR(freebayes): Could not SetRegion to scaffold00308:0..353174
Error: Failed to set region: -1:0-351,305(*)
ERROR(freebayes): Could not SetRegion to scaffold00309:0..351305
Error: Failed to set region: -1:0-339,805(*)
ERROR(freebayes): Could not SetRegion to scaffold00311:0..339805
Error: Failed to set region: -1:0-338,653(*)
ERROR(freebayes): Could not SetRegion to scaffold00312:0..338653
Error: Failed to set region: -1:0-330,403(*)
ERROR(freebayes): Could not SetRegion to scaffold00315:0..330403
Error: Failed to set region: -1:0-328,271(*)
ERROR(freebayes): Could not SetRegion to scaffold00317:0..328271
Error: Failed to set region: -1:0-309,968(*)
ERROR(freebayes): Could not SetRegion to scaffold00322:0..309968
Error: Failed to set region: -1:0-306,385(*)
ERROR(freebayes): Could not SetRegion to scaffold00326:0..306385
Error: Failed to set region: -1:0-300,943(*)
ERROR(freebayes): Could not SetRegion to scaffold00328:0..300943
Error: Failed to set region: -1:0-289,528(*)
ERROR(freebayes): Could not SetRegion to scaffold00330:0..289528
Error: Failed to set region: -1:0-284,620(*)
ERROR(freebayes): Could not SetRegion to scaffold00333:0..284620
Error: Failed to set region: -1:0-281,314(*)
ERROR(freebayes): Could not SetRegion to scaffold00334:0..281314
Error: Failed to set region: -1:0-273,347(*)
ERROR(freebayes): Could not SetRegion to scaffold00337:0..273347
Error: Failed to set region: -1:0-262,710(*)
ERROR(freebayes): Could not SetRegion to scaffold00340:0..262710
Error: Failed to set region: -1:0-258,921(*)
ERROR(freebayes): Could not SetRegion to scaffold00342:0..258921
Error: Failed to set region: -1:0-231,341(*)
ERROR(freebayes): Could not SetRegion to scaffold00353:0..231341
Error: Failed to set region: -1:0-227,333(*)
ERROR(freebayes): Could not SetRegion to scaffold00355:0..227333
Error: Failed to set region: -1:0-218,354(*)
ERROR(freebayes): Could not SetRegion to scaffold00358:0..218354
Error: Failed to set region: -1:0-209,790(*)
ERROR(freebayes): Could not SetRegion to scaffold00362:0..209790
Error: Failed to set region: -1:0-208,840(*)
ERROR(freebayes): Could not SetRegion to scaffold00364:0..208840
Error: Failed to set region: -1:0-208,100(*)
ERROR(freebayes): Could not SetRegion to scaffold00365:0..208100
Error: Failed to set region: -1:0-198,843(*)
ERROR(freebayes): Could not SetRegion to scaffold00370:0..198843
Error: Failed to set region: -1:0-196,912(*)
ERROR(freebayes): Could not SetRegion to scaffold00372:0..196912
Error: Failed to set region: -1:0-193,117(*)
ERROR(freebayes): Could not SetRegion to scaffold00374:0..193117
Error: Failed to set region: -1:0-189,000(*)
ERROR(freebayes): Could not SetRegion to scaffold00376:0..189000
Error: Failed to set region: -1:0-186,645(*)
ERROR(freebayes): Could not SetRegion to scaffold00377:0..186645
Error: Failed to set region: -1:0-184,144(*)
ERROR(freebayes): Could not SetRegion to scaffold00380:0..184144
Error: Failed to set region: -1:0-178,576(*)
ERROR(freebayes): Could not SetRegion to scaffold00382:0..178576
Error: Failed to set region: -1:0-177,698(*)
ERROR(freebayes): Could not SetRegion to scaffold00383:0..177698
Error: Failed to set region: -1:0-175,799(*)
ERROR(freebayes): Could not SetRegion to scaffold00385:0..175799
Error: Failed to set region: -1:0-164,350(*)
ERROR(freebayes): Could not SetRegion to scaffold00387:0..164350
Error: Failed to set region: -1:0-162,566(*)
ERROR(freebayes): Could not SetRegion to scaffold00388:0..162566
Error: Failed to set region: -1:0-153,858(*)
ERROR(freebayes): Could not SetRegion to scaffold00390:0..153858
Error: Failed to set region: -1:0-151,544(*)
ERROR(freebayes): Could not SetRegion to scaffold00391:0..151544
Error: Failed to set region: -1:0-148,383(*)
ERROR(freebayes): Could not SetRegion to scaffold00394:0..148383
Error: Failed to set region: -1:0-147,277(*)
ERROR(freebayes): Could not SetRegion to scaffold00395:0..147277
Error: Failed to set region: -1:0-144,396(*)
ERROR(freebayes): Could not SetRegion to scaffold00398:0..144396
Error: Failed to set region: -1:0-138,529(*)
ERROR(freebayes): Could not SetRegion to scaffold00399:0..138529
Error: Failed to set region: -1:0-138,057(*)
ERROR(freebayes): Could not SetRegion to scaffold00400:0..138057
Error: Failed to set region: -1:0-138,041(*)
ERROR(freebayes): Could not SetRegion to scaffold00401:0..138041
Error: Failed to set region: -1:0-138,034(*)
ERROR(freebayes): Could not SetRegion to scaffold00402:0..138034
Error: Failed to set region: -1:0-138,015(*)
ERROR(freebayes): Could not SetRegion to scaffold00403:0..138015
Error: Failed to set region: -1:0-137,169(*)
ERROR(freebayes): Could not SetRegion to scaffold00404:0..137169
Error: Failed to set region: -1:0-133,854(*)
ERROR(freebayes): Could not SetRegion to scaffold00405:0..133854
Error: Failed to set region: -1:0-132,482(*)
ERROR(freebayes): Could not SetRegion to scaffold00407:0..132482
Error: Failed to set region: -1:0-129,245(*)
ERROR(freebayes): Could not SetRegion to scaffold00411:0..129245
Error: Failed to set region: -1:0-128,626(*)
ERROR(freebayes): Could not SetRegion to scaffold00412:0..128626
Error: Failed to set region: -1:0-128,008(*)
ERROR(freebayes): Could not SetRegion to scaffold00413:0..128008
Error: Failed to set region: -1:0-127,754(*)
ERROR(freebayes): Could not SetRegion to scaffold00414:0..127754
Error: Failed to set region: -1:0-127,448(*)
ERROR(freebayes): Could not SetRegion to scaffold00415:0..127448
Error: Failed to set region: -1:0-124,549(*)
ERROR(freebayes): Could not SetRegion to scaffold00418:0..124549
Error: Failed to set region: -1:0-121,812(*)
ERROR(freebayes): Could not SetRegion to scaffold00421:0..121812
Error: Failed to set region: -1:0-120,458(*)
ERROR(freebayes): Could not SetRegion to scaffold00422:0..120458
Error: Failed to set region: -1:0-120,259(*)
ERROR(freebayes): Could not SetRegion to scaffold00423:0..120259
Error: Failed to set region: -1:0-120,171(*)
ERROR(freebayes): Could not SetRegion to scaffold00424:0..120171
Error: Failed to set region: -1:0-119,621(*)
ERROR(freebayes): Could not SetRegion to scaffold00425:0..119621
Error: Failed to set region: -1:0-118,438(*)
ERROR(freebayes): Could not SetRegion to scaffold00426:0..118438
Error: Failed to set region: -1:0-118,154(*)
ERROR(freebayes): Could not SetRegion to scaffold00427:0..118154
Error: Failed to set region: -1:0-117,897(*)
ERROR(freebayes): Could not SetRegion to scaffold00428:0..117897
Error: Failed to set region: -1:0-117,510(*)
ERROR(freebayes): Could not SetRegion to scaffold00429:0..117510
Error: Failed to set region: -1:0-116,491(*)
ERROR(freebayes): Could not SetRegion to scaffold00430:0..116491
Error: Failed to set region: -1:0-116,461(*)
ERROR(freebayes): Could not SetRegion to scaffold00431:0..116461
Error: Failed to set region: -1:0-116,001(*)
ERROR(freebayes): Could not SetRegion to scaffold00432:0..116001
Error: Failed to set region: -1:0-115,634(*)
ERROR(freebayes): Could not SetRegion to scaffold00433:0..115634
Error: Failed to set region: -1:0-115,597(*)
ERROR(freebayes): Could not SetRegion to scaffold00434:0..115597
Error: Failed to set region: -1:0-115,574(*)
ERROR(freebayes): Could not SetRegion to scaffold00435:0..115574
Error: Failed to set region: -1:0-113,731(*)
ERROR(freebayes): Could not SetRegion to scaffold00437:0..113731
Error: Failed to set region: -1:0-112,983(*)
ERROR(freebayes): Could not SetRegion to scaffold00438:0..112983
Error: Failed to set region: -1:0-112,940(*)
ERROR(freebayes): Could not SetRegion to scaffold00439:0..112940
Error: Failed to set region: -1:0-112,346(*)
ERROR(freebayes): Could not SetRegion to scaffold00441:0..112346
Error: Failed to set region: -1:0-111,051(*)
ERROR(freebayes): Could not SetRegion to scaffold00443:0..111051
Error: Failed to set region: -1:0-108,812(*)
ERROR(freebayes): Could not SetRegion to scaffold00446:0..108812
Error: Failed to set region: -1:0-107,894(*)
ERROR(freebayes): Could not SetRegion to scaffold00447:0..107894
Error: Failed to set region: -1:0-106,012(*)
ERROR(freebayes): Could not SetRegion to scaffold00450:0..106012
Error: Failed to set region: -1:0-104,883(*)
ERROR(freebayes): Could not SetRegion to scaffold00451:0..104883
Error: Failed to set region: -1:0-104,705(*)
ERROR(freebayes): Could not SetRegion to scaffold00452:0..104705
Error: Failed to set region: -1:0-104,447(*)
ERROR(freebayes): Could not SetRegion to scaffold00453:0..104447
Error: Failed to set region: -1:0-104,079(*)
ERROR(freebayes): Could not SetRegion to scaffold00454:0..104079
Error: Failed to set region: -1:0-101,831(*)
ERROR(freebayes): Could not SetRegion to scaffold00457:0..101831
Error: Failed to set region: -1:0-101,229(*)
ERROR(freebayes): Could not SetRegion to scaffold00458:0..101229
Error: Failed to set region: -1:0-101,064(*)
ERROR(freebayes): Could not SetRegion to scaffold00461:0..101064
Error: Failed to set region: -1:0-100,550(*)
ERROR(freebayes): Could not SetRegion to scaffold00462:0..100550
Error: Failed to set region: -1:0-100,512(*)
ERROR(freebayes): Could not SetRegion to scaffold00463:0..100512
Error: Failed to set region: -1:0-100,473(*)
ERROR(freebayes): Could not SetRegion to scaffold00464:0..100473
Error: Failed to set region: -1:0-100,388(*)
ERROR(freebayes): Could not SetRegion to scaffold00465:0..100388
Error: Failed to set region: -1:0-99,506(*)
ERROR(freebayes): Could not SetRegion to scaffold00466:0..99506
Error: Failed to set region: -1:0-99,476(*)
ERROR(freebayes): Could not SetRegion to scaffold00467:0..99476
Error: Failed to set region: -1:0-97,083(*)
ERROR(freebayes): Could not SetRegion to scaffold00472:0..97083
Error: Failed to set region: -1:0-96,812(*)
ERROR(freebayes): Could not SetRegion to scaffold00475:0..96812
Error: Failed to set region: -1:0-96,789(*)
ERROR(freebayes): Could not SetRegion to scaffold00476:0..96789
Error: Failed to set region: -1:0-96,408(*)
ERROR(freebayes): Could not SetRegion to scaffold00477:0..96408
Error: Failed to set region: -1:0-96,112(*)
ERROR(freebayes): Could not SetRegion to scaffold00478:0..96112
Error: Failed to set region: -1:0-96,054(*)
ERROR(freebayes): Could not SetRegion to scaffold00479:0..96054
Error: Failed to set region: -1:0-94,100(*)
ERROR(freebayes): Could not SetRegion to scaffold00482:0..94100
Error: Failed to set region: -1:0-93,511(*)
ERROR(freebayes): Could not SetRegion to scaffold00483:0..93511
Error: Failed to set region: -1:0-90,139(*)
ERROR(freebayes): Could not SetRegion to scaffold00486:0..90139
Error: Failed to set region: -1:0-89,968(*)
ERROR(freebayes): Could not SetRegion to scaffold00487:0..89968
Error: Failed to set region: -1:0-89,813(*)
ERROR(freebayes): Could not SetRegion to scaffold00488:0..89813
Error: Failed to set region: -1:0-89,788(*)
ERROR(freebayes): Could not SetRegion to scaffold00489:0..89788
Error: Failed to set region: -1:0-89,689(*)
ERROR(freebayes): Could not SetRegion to scaffold00491:0..89689
Error: Failed to set region: -1:0-89,681(*)
ERROR(freebayes): Could not SetRegion to scaffold00492:0..89681
Error: Failed to set region: -1:0-89,629(*)
ERROR(freebayes): Could not SetRegion to scaffold00493:0..89629
Error: Failed to set region: -1:0-89,377(*)
ERROR(freebayes): Could not SetRegion to scaffold00494:0..89377
Error: Failed to set region: -1:0-87,792(*)
ERROR(freebayes): Could not SetRegion to scaffold00496:0..87792
Error: Failed to set region: -1:0-87,530(*)
ERROR(freebayes): Could not SetRegion to scaffold00497:0..87530
Error: Failed to set region: -1:0-87,514(*)
ERROR(freebayes): Could not SetRegion to scaffold00498:0..87514
Error: Failed to set region: -1:0-87,258(*)
ERROR(freebayes): Could not SetRegion to scaffold00499:0..87258
Error: Failed to set region: -1:0-85,560(*)
ERROR(freebayes): Could not SetRegion to scaffold00501:0..85560
Error: Failed to set region: -1:0-85,161(*)
ERROR(freebayes): Could not SetRegion to scaffold00502:0..85161
Error: Failed to set region: -1:0-85,041(*)
ERROR(freebayes): Could not SetRegion to scaffold00503:0..85041
Error: Failed to set region: -1:0-84,983(*)
ERROR(freebayes): Could not SetRegion to scaffold00504:0..84983
Error: Failed to set region: -1:0-84,966(*)
ERROR(freebayes): Could not SetRegion to scaffold00505:0..84966
Error: Failed to set region: -1:0-84,505(*)
ERROR(freebayes): Could not SetRegion to scaffold00506:0..84505
Error: Failed to set region: -1:0-84,328(*)
ERROR(freebayes): Could not SetRegion to scaffold00507:0..84328
Error: Failed to set region: -1:0-84,295(*)
ERROR(freebayes): Could not SetRegion to scaffold00508:0..84295
Error: Failed to set region: -1:0-84,108(*)
ERROR(freebayes): Could not SetRegion to scaffold00509:0..84108
Error: Failed to set region: -1:0-83,770(*)
ERROR(freebayes): Could not SetRegion to scaffold00510:0..83770
Error: Failed to set region: -1:0-83,613(*)
ERROR(freebayes): Could not SetRegion to scaffold00511:0..83613
Error: Failed to set region: -1:0-83,508(*)
ERROR(freebayes): Could not SetRegion to scaffold00512:0..83508
Error: Failed to set region: -1:0-82,778(*)
ERROR(freebayes): Could not SetRegion to scaffold00513:0..82778
Error: Failed to set region: -1:0-82,523(*)
ERROR(freebayes): Could not SetRegion to scaffold00514:0..82523
Error: Failed to set region: -1:0-82,493(*)
ERROR(freebayes): Could not SetRegion to scaffold00515:0..82493
Error: Failed to set region: -1:0-82,452(*)
ERROR(freebayes): Could not SetRegion to scaffold00516:0..82452
Error: Failed to set region: -1:0-81,601(*)
ERROR(freebayes): Could not SetRegion to scaffold00517:0..81601
Error: Failed to set region: -1:0-81,291(*)
ERROR(freebayes): Could not SetRegion to scaffold00518:0..81291
Error: Failed to set region: -1:0-81,109(*)
ERROR(freebayes): Could not SetRegion to scaffold00519:0..81109
Error: Failed to set region: -1:0-81,099(*)
ERROR(freebayes): Could not SetRegion to scaffold00520:0..81099
Error: Failed to set region: -1:0-80,817(*)
ERROR(freebayes): Could not SetRegion to scaffold00521:0..80817
Error: Failed to set region: -1:0-80,790(*)
ERROR(freebayes): Could not SetRegion to scaffold00522:0..80790
Error: Failed to set region: -1:0-80,181(*)
ERROR(freebayes): Could not SetRegion to scaffold00523:0..80181
Error: Failed to set region: -1:0-79,895(*)
ERROR(freebayes): Could not SetRegion to scaffold00524:0..79895
Error: Failed to set region: -1:0-79,802(*)
ERROR(freebayes): Could not SetRegion to scaffold00525:0..79802
Error: Failed to set region: -1:0-79,641(*)
ERROR(freebayes): Could not SetRegion to scaffold00526:0..79641
Error: Failed to set region: -1:0-79,488(*)
ERROR(freebayes): Could not SetRegion to scaffold00527:0..79488
Error: Failed to set region: -1:0-79,021(*)
ERROR(freebayes): Could not SetRegion to scaffold00529:0..79021
Error: Failed to set region: -1:0-78,886(*)
ERROR(freebayes): Could not SetRegion to scaffold00530:0..78886
Error: Failed to set region: -1:0-78,673(*)
ERROR(freebayes): Could not SetRegion to scaffold00531:0..78673
Error: Failed to set region: -1:0-78,599(*)
ERROR(freebayes): Could not SetRegion to scaffold00532:0..78599
Error: Failed to set region: -1:0-77,263(*)
ERROR(freebayes): Could not SetRegion to scaffold00535:0..77263
Error: Failed to set region: -1:0-77,245(*)
ERROR(freebayes): Could not SetRegion to scaffold00536:0..77245
Error: Failed to set region: -1:0-76,565(*)
ERROR(freebayes): Could not SetRegion to scaffold00539:0..76565
Error: Failed to set region: -1:0-76,471(*)
ERROR(freebayes): Could not SetRegion to scaffold00540:0..76471
Error: Failed to set region: -1:0-75,847(*)
ERROR(freebayes): Could not SetRegion to scaffold00542:0..75847
Error: Failed to set region: -1:0-75,460(*)
ERROR(freebayes): Could not SetRegion to scaffold00543:0..75460
Error: Failed to set region: -1:0-75,432(*)
ERROR(freebayes): Could not SetRegion to scaffold00544:0..75432
Error: Failed to set region: -1:0-74,337(*)
ERROR(freebayes): Could not SetRegion to scaffold00546:0..74337
Error: Failed to set region: -1:0-74,266(*)
ERROR(freebayes): Could not SetRegion to scaffold00547:0..74266
Error: Failed to set region: -1:0-74,168(*)
ERROR(freebayes): Could not SetRegion to scaffold00548:0..74168
Error: Failed to set region: -1:0-74,046(*)
ERROR(freebayes): Could not SetRegion to scaffold00549:0..74046
Error: Failed to set region: -1:0-73,835(*)
ERROR(freebayes): Could not SetRegion to scaffold00550:0..73835
Error: Failed to set region: -1:0-73,708(*)
ERROR(freebayes): Could not SetRegion to scaffold00551:0..73708
Error: Failed to set region: -1:0-73,447(*)
ERROR(freebayes): Could not SetRegion to scaffold00552:0..73447
Error: Failed to set region: -1:0-72,968(*)
ERROR(freebayes): Could not SetRegion to scaffold00554:0..72968
Error: Failed to set region: -1:0-72,667(*)
ERROR(freebayes): Could not SetRegion to scaffold00556:0..72667
Error: Failed to set region: -1:0-72,492(*)
ERROR(freebayes): Could not SetRegion to scaffold00557:0..72492
Error: Failed to set region: -1:0-72,272(*)
ERROR(freebayes): Could not SetRegion to scaffold00558:0..72272
Error: Failed to set region: -1:0-72,176(*)
ERROR(freebayes): Could not SetRegion to scaffold00559:0..72176
Error: Failed to set region: -1:0-71,753(*)
ERROR(freebayes): Could not SetRegion to scaffold00561:0..71753
Error: Failed to set region: -1:0-70,997(*)
ERROR(freebayes): Could not SetRegion to scaffold00563:0..70997
Error: Failed to set region: -1:0-70,936(*)
ERROR(freebayes): Could not SetRegion to scaffold00564:0..70936
Error: Failed to set region: -1:0-70,723(*)
ERROR(freebayes): Could not SetRegion to scaffold00565:0..70723
Error: Failed to set region: -1:0-70,692(*)
ERROR(freebayes): Could not SetRegion to scaffold00566:0..70692
Error: Failed to set region: -1:0-70,674(*)
ERROR(freebayes): Could not SetRegion to scaffold00567:0..70674
Error: Failed to set region: -1:0-70,620(*)
ERROR(freebayes): Could not SetRegion to scaffold00568:0..70620
Error: Failed to set region: -1:0-70,436(*)
ERROR(freebayes): Could not SetRegion to scaffold00569:0..70436
Error: Failed to set region: -1:0-70,251(*)
ERROR(freebayes): Could not SetRegion to scaffold00570:0..70251
Error: Failed to set region: -1:0-69,446(*)
ERROR(freebayes): Could not SetRegion to scaffold00571:0..69446
Error: Failed to set region: -1:0-69,439(*)
ERROR(freebayes): Could not SetRegion to scaffold00572:0..69439
Error: Failed to set region: -1:0-68,969(*)
ERROR(freebayes): Could not SetRegion to scaffold00573:0..68969
Error: Failed to set region: -1:0-68,843(*)
ERROR(freebayes): Could not SetRegion to scaffold00574:0..68843
Error: Failed to set region: -1:0-68,466(*)
ERROR(freebayes): Could not SetRegion to scaffold00575:0..68466
Error: Failed to set region: -1:0-68,367(*)
ERROR(freebayes): Could not SetRegion to scaffold00576:0..68367
Error: Failed to set region: -1:0-67,674(*)
ERROR(freebayes): Could not SetRegion to scaffold00577:0..67674
Error: Failed to set region: -1:0-67,291(*)
ERROR(freebayes): Could not SetRegion to scaffold00579:0..67291
Error: Failed to set region: -1:0-66,698(*)
ERROR(freebayes): Could not SetRegion to scaffold00580:0..66698
Error: Failed to set region: -1:0-66,663(*)
ERROR(freebayes): Could not SetRegion to scaffold00581:0..66663
Error: Failed to set region: -1:0-66,618(*)
ERROR(freebayes): Could not SetRegion to scaffold00582:0..66618
Error: Failed to set region: -1:0-66,522(*)
ERROR(freebayes): Could not SetRegion to scaffold00583:0..66522
Error: Failed to set region: -1:0-66,481(*)
ERROR(freebayes): Could not SetRegion to scaffold00585:0..66481
Error: Failed to set region: -1:0-66,375(*)
ERROR(freebayes): Could not SetRegion to scaffold00587:0..66375
Error: Failed to set region: -1:0-66,347(*)
ERROR(freebayes): Could not SetRegion to scaffold00588:0..66347
Error: Failed to set region: -1:0-66,097(*)
ERROR(freebayes): Could not SetRegion to scaffold00589:0..66097
Error: Failed to set region: -1:0-66,054(*)
ERROR(freebayes): Could not SetRegion to scaffold00590:0..66054
Error: Failed to set region: -1:0-65,808(*)
ERROR(freebayes): Could not SetRegion to scaffold00591:0..65808
Error: Failed to set region: -1:0-65,757(*)
ERROR(freebayes): Could not SetRegion to scaffold00592:0..65757
Error: Failed to set region: -1:0-65,725(*)
ERROR(freebayes): Could not SetRegion to scaffold00593:0..65725
Error: Failed to set region: -1:0-65,640(*)
ERROR(freebayes): Could not SetRegion to scaffold00595:0..65640
Error: Failed to set region: -1:0-65,606(*)
ERROR(freebayes): Could not SetRegion to scaffold00596:0..65606
Error: Failed to set region: -1:0-65,478(*)
ERROR(freebayes): Could not SetRegion to scaffold00597:0..65478
Error: Failed to set region: -1:0-65,113(*)
ERROR(freebayes): Could not SetRegion to scaffold00599:0..65113
Error: Failed to set region: -1:0-65,081(*)
ERROR(freebayes): Could not SetRegion to scaffold00600:0..65081
Error: Failed to set region: -1:0-64,738(*)
ERROR(freebayes): Could not SetRegion to scaffold00602:0..64738
Error: Failed to set region: -1:0-64,091(*)
ERROR(freebayes): Could not SetRegion to scaffold00603:0..64091
Error: Failed to set region: -1:0-63,494(*)
ERROR(freebayes): Could not SetRegion to scaffold00605:0..63494
Error: Failed to set region: -1:0-63,051(*)
ERROR(freebayes): Could not SetRegion to scaffold00607:0..63051
Error: Failed to set region: -1:0-62,976(*)
ERROR(freebayes): Could not SetRegion to scaffold00608:0..62976
Error: Failed to set region: -1:0-62,797(*)
ERROR(freebayes): Could not SetRegion to scaffold00609:0..62797
Error: Failed to set region: -1:0-62,789(*)
ERROR(freebayes): Could not SetRegion to scaffold00610:0..62789
Error: Failed to set region: -1:0-62,407(*)
ERROR(freebayes): Could not SetRegion to scaffold00611:0..62407
Error: Failed to set region: -1:0-62,248(*)
ERROR(freebayes): Could not SetRegion to scaffold00612:0..62248
Error: Failed to set region: -1:0-62,025(*)
ERROR(freebayes): Could not SetRegion to scaffold00613:0..62025
Error: Failed to set region: -1:0-61,919(*)
ERROR(freebayes): Could not SetRegion to scaffold00614:0..61919
Error: Failed to set region: -1:0-61,918(*)
ERROR(freebayes): Could not SetRegion to scaffold00615:0..61918
Error: Failed to set region: -1:0-61,663(*)
ERROR(freebayes): Could not SetRegion to scaffold00616:0..61663
Error: Failed to set region: -1:0-61,662(*)
ERROR(freebayes): Could not SetRegion to scaffold00617:0..61662
Error: Failed to set region: -1:0-61,585(*)
ERROR(freebayes): Could not SetRegion to scaffold00618:0..61585
Error: Failed to set region: -1:0-61,467(*)
ERROR(freebayes): Could not SetRegion to scaffold00619:0..61467
Error: Failed to set region: -1:0-61,392(*)
ERROR(freebayes): Could not SetRegion to scaffold00620:0..61392
Error: Failed to set region: -1:0-61,232(*)
ERROR(freebayes): Could not SetRegion to scaffold00621:0..61232
Error: Failed to set region: -1:0-61,116(*)
ERROR(freebayes): Could not SetRegion to scaffold00622:0..61116
Error: Failed to set region: -1:0-61,037(*)
ERROR(freebayes): Could not SetRegion to scaffold00623:0..61037
Error: Failed to set region: -1:0-60,923(*)
ERROR(freebayes): Could not SetRegion to scaffold00624:0..60923
Error: Failed to set region: -1:0-60,676(*)
ERROR(freebayes): Could not SetRegion to scaffold00625:0..60676
Error: Failed to set region: -1:0-60,587(*)
ERROR(freebayes): Could not SetRegion to scaffold00626:0..60587
Error: Failed to set region: -1:0-60,512(*)
ERROR(freebayes): Could not SetRegion to scaffold00627:0..60512
Error: Failed to set region: -1:0-60,468(*)
ERROR(freebayes): Could not SetRegion to scaffold00628:0..60468
Error: Failed to set region: -1:0-60,467(*)
ERROR(freebayes): Could not SetRegion to scaffold00629:0..60467
Error: Failed to set region: -1:0-59,961(*)
ERROR(freebayes): Could not SetRegion to scaffold00630:0..59961
Error: Failed to set region: -1:0-59,925(*)
ERROR(freebayes): Could not SetRegion to scaffold00631:0..59925
Error: Failed to set region: -1:0-59,839(*)
ERROR(freebayes): Could not SetRegion to scaffold00632:0..59839
Error: Failed to set region: -1:0-59,150(*)
ERROR(freebayes): Could not SetRegion to scaffold00633:0..59150
Error: Failed to set region: -1:0-58,840(*)
ERROR(freebayes): Could not SetRegion to scaffold00634:0..58840
Error: Failed to set region: -1:0-58,808(*)
ERROR(freebayes): Could not SetRegion to scaffold00635:0..58808
Error: Failed to set region: -1:0-58,682(*)
ERROR(freebayes): Could not SetRegion to scaffold00636:0..58682
Error: Failed to set region: -1:0-58,244(*)
ERROR(freebayes): Could not SetRegion to scaffold00638:0..58244
Error: Failed to set region: -1:0-58,011(*)
ERROR(freebayes): Could not SetRegion to scaffold00639:0..58011
Error: Failed to set region: -1:0-57,643(*)
ERROR(freebayes): Could not SetRegion to scaffold00640:0..57643
Error: Failed to set region: -1:0-57,621(*)
ERROR(freebayes): Could not SetRegion to scaffold00642:0..57621
Error: Failed to set region: -1:0-57,532(*)
ERROR(freebayes): Could not SetRegion to scaffold00643:0..57532
Error: Failed to set region: -1:0-57,503(*)
ERROR(freebayes): Could not SetRegion to scaffold00644:0..57503
Error: Failed to set region: -1:0-56,383(*)
ERROR(freebayes): Could not SetRegion to scaffold00646:0..56383
Error: Failed to set region: -1:0-56,015(*)
ERROR(freebayes): Could not SetRegion to scaffold00647:0..56015
Error: Failed to set region: -1:0-55,896(*)
ERROR(freebayes): Could not SetRegion to scaffold00648:0..55896
Error: Failed to set region: -1:0-55,679(*)
ERROR(freebayes): Could not SetRegion to scaffold00649:0..55679
Error: Failed to set region: -1:0-54,673(*)
ERROR(freebayes): Could not SetRegion to scaffold00650:0..54673
Error: Failed to set region: -1:0-54,415(*)
ERROR(freebayes): Could not SetRegion to scaffold00651:0..54415
Error: Failed to set region: -1:0-54,414(*)
ERROR(freebayes): Could not SetRegion to scaffold00652:0..54414
Error: Failed to set region: -1:0-54,347(*)
ERROR(freebayes): Could not SetRegion to scaffold00653:0..54347
Error: Failed to set region: -1:0-54,258(*)
ERROR(freebayes): Could not SetRegion to scaffold00654:0..54258
Error: Failed to set region: -1:0-54,242(*)
ERROR(freebayes): Could not SetRegion to scaffold00655:0..54242
Error: Failed to set region: -1:0-53,819(*)
ERROR(freebayes): Could not SetRegion to scaffold00656:0..53819
Error: Failed to set region: -1:0-53,773(*)
ERROR(freebayes): Could not SetRegion to scaffold00657:0..53773
Error: Failed to set region: -1:0-53,747(*)
ERROR(freebayes): Could not SetRegion to scaffold00658:0..53747
Error: Failed to set region: -1:0-53,584(*)
ERROR(freebayes): Could not SetRegion to scaffold00659:0..53584
Error: Failed to set region: -1:0-53,392(*)
ERROR(freebayes): Could not SetRegion to scaffold00661:0..53392
Error: Failed to set region: -1:0-53,222(*)
ERROR(freebayes): Could not SetRegion to scaffold00662:0..53222
Error: Failed to set region: -1:0-53,190(*)
ERROR(freebayes): Could not SetRegion to scaffold00663:0..53190
Error: Failed to set region: -1:0-53,149(*)
ERROR(freebayes): Could not SetRegion to scaffold00664:0..53149
Error: Failed to set region: -1:0-53,041(*)
ERROR(freebayes): Could not SetRegion to scaffold00665:0..53041
Error: Failed to set region: -1:0-52,804(*)
ERROR(freebayes): Could not SetRegion to scaffold00667:0..52804
Error: Failed to set region: -1:0-52,485(*)
ERROR(freebayes): Could not SetRegion to scaffold00668:0..52485
Error: Failed to set region: -1:0-52,051(*)
ERROR(freebayes): Could not SetRegion to scaffold00669:0..52051
Error: Failed to set region: -1:0-51,683(*)
ERROR(freebayes): Could not SetRegion to scaffold00670:0..51683
Error: Failed to set region: -1:0-51,583(*)
ERROR(freebayes): Could not SetRegion to scaffold00671:0..51583
Error: Failed to set region: -1:0-51,177(*)
ERROR(freebayes): Could not SetRegion to scaffold00672:0..51177
Error: Failed to set region: -1:0-51,150(*)
ERROR(freebayes): Could not SetRegion to scaffold00673:0..51150
Error: Failed to set region: -1:0-50,976(*)
ERROR(freebayes): Could not SetRegion to scaffold00674:0..50976
Error: Failed to set region: -1:0-50,456(*)
ERROR(freebayes): Could not SetRegion to scaffold00675:0..50456
Error: Failed to set region: -1:0-50,183(*)
ERROR(freebayes): Could not SetRegion to scaffold00676:0..50183
Error: Failed to set region: -1:0-50,172(*)
ERROR(freebayes): Could not SetRegion to scaffold00677:0..50172
Error: Failed to set region: -1:0-49,632(*)
ERROR(freebayes): Could not SetRegion to scaffold00678:0..49632
Error: Failed to set region: -1:0-49,532(*)
ERROR(freebayes): Could not SetRegion to scaffold00679:0..49532
Error: Failed to set region: -1:0-49,469(*)
ERROR(freebayes): Could not SetRegion to scaffold00680:0..49469
Error: Failed to set region: -1:0-49,426(*)
ERROR(freebayes): Could not SetRegion to scaffold00681:0..49426
Error: Failed to set region: -1:0-48,852(*)
ERROR(freebayes): Could not SetRegion to scaffold00682:0..48852
Error: Failed to set region: -1:0-48,670(*)
ERROR(freebayes): Could not SetRegion to scaffold00683:0..48670
Error: Failed to set region: -1:0-48,554(*)
ERROR(freebayes): Could not SetRegion to scaffold00684:0..48554
Error: Failed to set region: -1:0-48,391(*)
ERROR(freebayes): Could not SetRegion to scaffold00685:0..48391
Error: Failed to set region: -1:0-47,902(*)
ERROR(freebayes): Could not SetRegion to scaffold00686:0..47902
Error: Failed to set region: -1:0-46,394(*)
ERROR(freebayes): Could not SetRegion to scaffold00687:0..46394
Error: Failed to set region: -1:0-46,051(*)
ERROR(freebayes): Could not SetRegion to scaffold00688:0..46051
Error: Failed to set region: -1:0-46,035(*)
ERROR(freebayes): Could not SetRegion to scaffold00689:0..46035
Error: Failed to set region: -1:0-45,966(*)
ERROR(freebayes): Could not SetRegion to scaffold00690:0..45966
Error: Failed to set region: -1:0-45,671(*)
ERROR(freebayes): Could not SetRegion to scaffold00691:0..45671
Error: Failed to set region: -1:0-45,581(*)
ERROR(freebayes): Could not SetRegion to scaffold00692:0..45581
Error: Failed to set region: -1:0-45,573(*)
ERROR(freebayes): Could not SetRegion to scaffold00693:0..45573
Error: Failed to set region: -1:0-45,006(*)
ERROR(freebayes): Could not SetRegion to scaffold00695:0..45006
Error: Failed to set region: -1:0-44,549(*)
ERROR(freebayes): Could not SetRegion to scaffold00696:0..44549
Error: Failed to set region: -1:0-44,536(*)
ERROR(freebayes): Could not SetRegion to scaffold00697:0..44536
Error: Failed to set region: -1:0-44,523(*)
ERROR(freebayes): Could not SetRegion to scaffold00698:0..44523
Error: Failed to set region: -1:0-44,478(*)
ERROR(freebayes): Could not SetRegion to scaffold00699:0..44478
Error: Failed to set region: -1:0-44,475(*)
ERROR(freebayes): Could not SetRegion to scaffold00700:0..44475
Error: Failed to set region: -1:0-44,307(*)
ERROR(freebayes): Could not SetRegion to scaffold00701:0..44307
Error: Failed to set region: -1:0-44,013(*)
ERROR(freebayes): Could not SetRegion to scaffold00704:0..44013
Error: Failed to set region: -1:0-43,749(*)
ERROR(freebayes): Could not SetRegion to scaffold00705:0..43749
Error: Failed to set region: -1:0-43,550(*)
ERROR(freebayes): Could not SetRegion to scaffold00707:0..43550
Error: Failed to set region: -1:0-42,689(*)
ERROR(freebayes): Could not SetRegion to scaffold00708:0..42689
Error: Failed to set region: -1:0-42,512(*)
ERROR(freebayes): Could not SetRegion to scaffold00709:0..42512
Error: Failed to set region: -1:0-42,076(*)
ERROR(freebayes): Could not SetRegion to scaffold00710:0..42076
Error: Failed to set region: -1:0-41,797(*)
ERROR(freebayes): Could not SetRegion to scaffold00711:0..41797
Error: Failed to set region: -1:0-40,982(*)
ERROR(freebayes): Could not SetRegion to scaffold00712:0..40982
Error: Failed to set region: -1:0-40,652(*)
ERROR(freebayes): Could not SetRegion to scaffold00713:0..40652
Error: Failed to set region: -1:0-40,599(*)
ERROR(freebayes): Could not SetRegion to scaffold00714:0..40599
Error: Failed to set region: -1:0-40,559(*)
ERROR(freebayes): Could not SetRegion to scaffold00715:0..40559
Error: Failed to set region: -1:0-40,138(*)
ERROR(freebayes): Could not SetRegion to scaffold00716:0..40138
Error: Failed to set region: -1:0-39,965(*)
ERROR(freebayes): Could not SetRegion to scaffold00717:0..39965
Error: Failed to set region: -1:0-39,883(*)
ERROR(freebayes): Could not SetRegion to scaffold00718:0..39883
Error: Failed to set region: -1:0-38,957(*)
ERROR(freebayes): Could not SetRegion to scaffold00719:0..38957
Error: Failed to set region: -1:0-38,908(*)
ERROR(freebayes): Could not SetRegion to scaffold00720:0..38908
Error: Failed to set region: -1:0-38,467(*)
ERROR(freebayes): Could not SetRegion to scaffold00721:0..38467
Error: Failed to set region: -1:0-38,427(*)
ERROR(freebayes): Could not SetRegion to scaffold00722:0..38427
Error: Failed to set region: -1:0-37,532(*)
ERROR(freebayes): Could not SetRegion to scaffold00723:0..37532
Error: Failed to set region: -1:0-37,523(*)
ERROR(freebayes): Could not SetRegion to scaffold00724:0..37523
Error: Failed to set region: -1:0-37,350(*)
ERROR(freebayes): Could not SetRegion to scaffold00725:0..37350
Error: Failed to set region: -1:0-37,048(*)
ERROR(freebayes): Could not SetRegion to scaffold00726:0..37048
Error: Failed to set region: -1:0-36,654(*)
ERROR(freebayes): Could not SetRegion to scaffold00728:0..36654
Error: Failed to set region: -1:0-36,288(*)
ERROR(freebayes): Could not SetRegion to scaffold00729:0..36288
Error: Failed to set region: -1:0-35,790(*)
ERROR(freebayes): Could not SetRegion to scaffold00730:0..35790
Error: Failed to set region: -1:0-35,631(*)
ERROR(freebayes): Could not SetRegion to scaffold00731:0..35631
Error: Failed to set region: -1:0-35,280(*)
ERROR(freebayes): Could not SetRegion to scaffold00732:0..35280
Error: Failed to set region: -1:0-35,043(*)
ERROR(freebayes): Could not SetRegion to scaffold00733:0..35043
Error: Failed to set region: -1:0-34,657(*)
ERROR(freebayes): Could not SetRegion to scaffold00734:0..34657
Error: Failed to set region: -1:0-34,387(*)
ERROR(freebayes): Could not SetRegion to scaffold00735:0..34387
Error: Failed to set region: -1:0-34,047(*)
ERROR(freebayes): Could not SetRegion to scaffold00736:0..34047
Error: Failed to set region: -1:0-33,407(*)
ERROR(freebayes): Could not SetRegion to scaffold00737:0..33407
Error: Failed to set region: -1:0-32,765(*)
ERROR(freebayes): Could not SetRegion to scaffold00738:0..32765
Error: Failed to set region: -1:0-32,691(*)
ERROR(freebayes): Could not SetRegion to scaffold00739:0..32691
Error: Failed to set region: -1:0-32,316(*)
ERROR(freebayes): Could not SetRegion to scaffold00740:0..32316
Error: Failed to set region: -1:0-32,022(*)
ERROR(freebayes): Could not SetRegion to scaffold00741:0..32022
Error: Failed to set region: -1:0-27,898(*)
ERROR(freebayes): Could not SetRegion to scaffold00742:0..27898
Error: Failed to set region: -1:0-26,459(*)
ERROR(freebayes): Could not SetRegion to scaffold00743:0..26459
Error: Failed to set region: -1:0-24,376(*)
ERROR(freebayes): Could not SetRegion to scaffold00744:0..24376
Error: Failed to set region: -1:0-23,847(*)
ERROR(freebayes): Could not SetRegion to scaffold00745:0..23847
Error: Failed to set region: -1:0-23,736(*)
ERROR(freebayes): Could not SetRegion to scaffold00746:0..23736
slurmstepd: error: Detected 97 oom_kill events in StepId=13874331.batch. Some of the step tasks have been OOM Killed.
