Processing single-end data.
Using Phred+33 encoding for quality scores.
Found 1 input file(s).
Searching for single-end, inlined barcodes.
Loaded 95 barcodes (5-10bp).
Will attempt to recover barcodes with at most 1 mismatches.
Processing file 1 of 1 [C50VDACXX_8_fastq.gz]
  Processing RAD-Tags...1M...2M...3M...4M...5M...6M...7M...8M...9M...10M...11M...
12M...13M...14M...15M...16M...17M...18M...19M...20M...21M...22M...23M...24M...25M...
26M...27M...28M...29M...30M...31M...32M...33M...34M...35M...36M...37M...38M...39M...
40M...41M...42M...43M...44M...45M...46M...47M...48M...49M...50M...51M...52M...53M...
54M...55M...56M...57M...58M...59M...60M...61M...62M...63M...64M...65M...66M...67M...
68M...69M...70M...71M...72M...73M...74M...75M...76M...77M...78M...79M...80M...81M...
82M...83M...84M...85M...86M...87M...88M...89M...90M...91M...92M...93M...94M...95M...
96M...97M...98M...99M...100M...101M...102M...103M...104M...105M...106M...107M...108M...
109M...110M...111M...112M...113M...114M...115M...116M...117M...118M...119M...120M...
121M...122M...123M...124M...125M...126M...127M...128M...129M...130M...131M...132M...
133M...134M...135M...136M...137M...138M...139M...140M...141M...142M...143M...144M...
145M...146M...147M...148M...149M...150M...151M...152M...153M...154M...155M...156M...
157M...158M...159M...160M...161M...162M...163M...164M...165M...166M...167M...168M...
169M...170M...171M...172M...173M...174M...175M...176M...177M...178M...179M...180M...
181M...182M...183M...184M...185M...186M...187M...188M...189M...190M...191M...192M...
193M...194M...195M...196M...197M...198M...199M...200M...201M...202M...203M...204M...
205M...206M...207M...208M...209M...210M...211M...212M...213M...214M...215M...216M...
217M...218M...219M...220M...221M...222M...223M...224M...225M...226M...227M...228M...
229M...230M...231M...232M...233M...234M...235M...236M...237M...238M...239M...240M...
241M...242M...243M...244M...245M...246M...247M...248M...249M...250M...251M...252M...
253M...254M...255M...256M...257M...258M...259M...260M...261M...262M...263M...264M...
265M...266M...267M...268M...269M...270M...271M...272M...273M...274M...275M...276M...
277M...278M...279M...280M...281M...282M...283M...284M...285M...286M...287M...288M...
289M...290M...291M...292M...293M...294M...
  294163263 total reads; -95421176 ambiguous barcodes; -25533611 ambiguous RAD-Tags; +67610758 recovered; -59911750 low quality reads; 113296726 retained reads.
Closing files, flushing buffers...done.

294163263 total sequences
 95421176 barcode not found drops (32.4%)
 59911750 low quality read drops (20.4%)
 25533611 RAD cutsite not found drops (8.7%)
113296726 retained reads (38.5%)

Details logged: '/project/gifvl_vaccinium/cranberryGenotyping/cranberryHistoricalGBS/demultiplexed_fastq_files/C50VDACXX_8/process_radtags.fastq_files.log'
For a summary, execute one or more:
  stacks-dist-extract /project/gifvl_vaccinium/cranberryGenotyping/cranberryHistoricalGBS/demultiplexed_fastq_files/C50VDACXX_8/process_radtags.fastq_files.log total_raw_read_counts
  stacks-dist-extract --pretty /project/gifvl_vaccinium/cranberryGenotyping/cranberryHistoricalGBS/demultiplexed_fastq_files/C50VDACXX_8/process_radtags.fastq_files.log per_barcode_raw_read_counts
process_radtags is done.
Processing single-end data.
Using Phred+33 encoding for quality scores.
Found 1 input file(s).
Searching for single-end, inlined barcodes.
Loaded 95 barcodes (5-10bp).
Will attempt to recover barcodes with at most 1 mismatches.
Processing file 1 of 1 [C50VDACXX_6_fastq.gz]
  Processing RAD-Tags...1M...2M...3M...4M...5M...6M...7M...8M...9M...10M...11M...
12M...13M...14M...15M...16M...17M...18M...19M...20M...21M...22M...23M...24M...25M...
26M...27M...28M...29M...30M...31M...32M...33M...34M...35M...36M...37M...38M...39M...
40M...41M...42M...43M...44M...45M...46M...47M...48M...49M...50M...51M...52M...53M...
54M...55M...56M...57M...58M...59M...60M...61M...62M...63M...64M...65M...66M...67M...
68M...69M...70M...71M...72M...73M...74M...75M...76M...77M...78M...79M...80M...81M...
82M...83M...84M...85M...86M...87M...88M...89M...90M...91M...92M...93M...94M...95M...
96M...97M...98M...99M...100M...101M...102M...103M...104M...105M...106M...107M...108M...
109M...110M...111M...112M...113M...114M...115M...116M...117M...118M...119M...120M...
121M...122M...123M...124M...125M...126M...127M...128M...129M...130M...131M...132M...
133M...134M...135M...136M...137M...138M...139M...140M...141M...142M...143M...144M...
145M...146M...147M...148M...149M...150M...151M...152M...153M...154M...155M...156M...
157M...158M...159M...160M...161M...162M...163M...164M...165M...166M...167M...168M...
169M...170M...171M...172M...173M...174M...175M...176M...177M...178M...179M...180M...
181M...182M...183M...184M...185M...186M...187M...188M...189M...190M...191M...192M...
193M...194M...195M...196M...197M...198M...199M...200M...201M...202M...203M...204M...
205M...206M...207M...208M...209M...210M...211M...212M...213M...214M...215M...216M...
217M...218M...219M...220M...221M...222M...223M...224M...225M...226M...227M...228M...
229M...230M...231M...232M...233M...234M...235M...236M...237M...238M...239M...240M...
241M...242M...243M...244M...245M...246M...247M...248M...249M...250M...251M...252M...
253M...254M...255M...256M...257M...258M...259M...260M...261M...262M...263M...264M...
265M...266M...267M...268M...269M...270M...271M...272M...273M...274M...275M...276M...
277M...278M...279M...280M...281M...282M...283M...284M...285M...286M...287M...288M...
289M...290M...291M...292M...293M...294M...295M...296M...297M...298M...
  298516524 total reads; -90071050 ambiguous barcodes; -20438509 ambiguous RAD-Tags; +66370173 recovered; -62730930 low quality reads; 125276035 retained reads.
Closing files, flushing buffers...done.

298516524 total sequences
 90071050 barcode not found drops (30.2%)
 62730930 low quality read drops (21.0%)
 20438509 RAD cutsite not found drops (6.8%)
125276035 retained reads (42.0%)

Details logged: '/project/gifvl_vaccinium/cranberryGenotyping/cranberryHistoricalGBS/demultiplexed_fastq_files/C50VDACXX_6/process_radtags.fastq_files.log'
For a summary, execute one or more:
  stacks-dist-extract /project/gifvl_vaccinium/cranberryGenotyping/cranberryHistoricalGBS/demultiplexed_fastq_files/C50VDACXX_6/process_radtags.fastq_files.log total_raw_read_counts
  stacks-dist-extract --pretty /project/gifvl_vaccinium/cranberryGenotyping/cranberryHistoricalGBS/demultiplexed_fastq_files/C50VDACXX_6/process_radtags.fastq_files.log per_barcode_raw_read_counts
process_radtags is done.
Processing single-end data.
Using Phred+33 encoding for quality scores.
Found 1 input file(s).
Searching for single-end, inlined barcodes.
Loaded 95 barcodes (5-10bp).
Will attempt to recover barcodes with at most 1 mismatches.
Processing file 1 of 1 [C50VDACXX_5_fastq.gz]
  Processing RAD-Tags...1M...2M...3M...4M...5M...6M...7M...8M...9M...10M...11M...
12M...13M...14M...15M...16M...17M...18M...19M...20M...21M...22M...23M...24M...25M...
26M...27M...28M...29M...30M...31M...32M...33M...34M...35M...36M...37M...38M...39M...
40M...41M...42M...43M...44M...45M...46M...47M...48M...49M...50M...51M...52M...53M...
54M...55M...56M...57M...58M...59M...60M...61M...62M...63M...64M...65M...66M...67M...
68M...69M...70M...71M...72M...73M...74M...75M...76M...77M...78M...79M...80M...81M...
82M...83M...84M...85M...86M...87M...88M...89M...90M...91M...92M...93M...94M...95M...
96M...97M...98M...99M...100M...101M...102M...103M...104M...105M...106M...107M...108M...
109M...110M...111M...112M...113M...114M...115M...116M...117M...118M...119M...120M...
121M...122M...123M...124M...125M...126M...127M...128M...129M...130M...131M...132M...
133M...134M...135M...136M...137M...138M...139M...140M...141M...142M...143M...144M...
145M...146M...147M...148M...149M...150M...151M...152M...153M...154M...155M...156M...
157M...158M...159M...160M...161M...162M...163M...164M...165M...166M...167M...168M...
169M...170M...171M...172M...173M...174M...175M...176M...177M...178M...179M...180M...
181M...182M...183M...184M...185M...186M...187M...188M...189M...190M...191M...192M...
193M...194M...195M...196M...197M...198M...199M...200M...201M...202M...203M...204M...
205M...206M...207M...208M...209M...210M...211M...212M...213M...214M...215M...216M...
217M...218M...219M...220M...221M...222M...223M...224M...225M...226M...227M...228M...
229M...230M...231M...232M...233M...234M...235M...236M...237M...238M...239M...240M...
241M...242M...243M...244M...245M...246M...247M...248M...249M...250M...251M...252M...
253M...254M...255M...256M...257M...258M...259M...260M...261M...262M...263M...264M...
265M...266M...267M...268M...269M...270M...271M...272M...273M...274M...275M...276M...
277M...278M...279M...280M...281M...282M...283M...284M...285M...286M...287M...288M...

  288333754 total reads; -9040367 ambiguous barcodes; -15607370 ambiguous RAD-Tags; +52129915 recovered; -64589755 low quality reads; 199096262 retained reads.
Closing files, flushing buffers...done.

288333754 total sequences
  9040367 barcode not found drops (3.1%)
 64589755 low quality read drops (22.4%)
 15607370 RAD cutsite not found drops (5.4%)
199096262 retained reads (69.1%)

Details logged: '/project/gifvl_vaccinium/cranberryGenotyping/cranberryHistoricalGBS/demultiplexed_fastq_files/C50VDACXX_5/process_radtags.fastq_files.log'
For a summary, execute one or more:
  stacks-dist-extract /project/gifvl_vaccinium/cranberryGenotyping/cranberryHistoricalGBS/demultiplexed_fastq_files/C50VDACXX_5/process_radtags.fastq_files.log total_raw_read_counts
  stacks-dist-extract --pretty /project/gifvl_vaccinium/cranberryGenotyping/cranberryHistoricalGBS/demultiplexed_fastq_files/C50VDACXX_5/process_radtags.fastq_files.log per_barcode_raw_read_counts
process_radtags is done.
Processing single-end data.
Using Phred+33 encoding for quality scores.
Found 1 input file(s).
Searching for single-end, inlined barcodes.
Loaded 95 barcodes (4-8bp).
Will attempt to recover barcodes with at most 1 mismatches.
Processing file 1 of 1 [C574FACXX_3_fastq.gz]
  Processing RAD-Tags...1M...2M...3M...4M...5M...6M...7M...8M...9M...10M...11M...
12M...13M...14M...15M...16M...17M...18M...19M...20M...21M...22M...23M...24M...25M...
26M...27M...28M...29M...30M...31M...32M...33M...34M...35M...36M...37M...38M...39M...
40M...41M...42M...43M...44M...45M...46M...47M...48M...49M...50M...51M...52M...53M...
54M...55M...56M...57M...58M...59M...60M...61M...62M...63M...64M...65M...66M...67M...
68M...69M...70M...71M...72M...73M...74M...75M...76M...77M...78M...79M...80M...81M...
82M...83M...84M...85M...86M...87M...88M...89M...90M...91M...92M...93M...94M...95M...
96M...97M...98M...99M...100M...101M...102M...103M...104M...105M...106M...107M...108M...
109M...110M...111M...112M...113M...114M...115M...116M...117M...118M...119M...120M...
121M...122M...123M...124M...125M...126M...127M...128M...129M...130M...131M...132M...
133M...134M...135M...136M...137M...138M...139M...140M...141M...142M...143M...144M...
145M...146M...147M...148M...149M...150M...151M...152M...153M...154M...155M...156M...
157M...158M...159M...160M...161M...162M...163M...164M...165M...166M...167M...168M...
169M...170M...171M...172M...173M...174M...175M...176M...177M...178M...179M...180M...
181M...182M...183M...184M...185M...186M...187M...188M...189M...190M...191M...192M...
193M...194M...195M...196M...197M...198M...199M...200M...201M...202M...203M...204M...
205M...206M...207M...208M...209M...210M...211M...212M...213M...214M...215M...216M...
217M...218M...219M...220M...221M...222M...223M...224M...225M...226M...227M...228M...
229M...230M...231M...232M...233M...234M...235M...236M...237M...238M...239M...240M...
241M...242M...243M...244M...245M...246M...247M...248M...249M...250M...251M...252M...
253M...254M...255M...256M...257M...258M...259M...260M...261M...262M...263M...264M...
265M...266M...267M...268M...269M...270M...271M...272M...273M...274M...275M...276M...
277M...278M...279M...280M...281M...282M...
  282161894 total reads; -25292230 ambiguous barcodes; -14640083 ambiguous RAD-Tags; +42828518 recovered; -42979766 low quality reads; 199249815 retained reads.
Closing files, flushing buffers...done.

282161894 total sequences
 25292230 barcode not found drops (9.0%)
 42979766 low quality read drops (15.2%)
 14640083 RAD cutsite not found drops (5.2%)
199249815 retained reads (70.6%)

Details logged: '/project/gifvl_vaccinium/cranberryGenotyping/cranberryHistoricalGBS/demultiplexed_fastq_files/C574FACXX_3/process_radtags.fastq_files.log'
For a summary, execute one or more:
  stacks-dist-extract /project/gifvl_vaccinium/cranberryGenotyping/cranberryHistoricalGBS/demultiplexed_fastq_files/C574FACXX_3/process_radtags.fastq_files.log total_raw_read_counts
  stacks-dist-extract --pretty /project/gifvl_vaccinium/cranberryGenotyping/cranberryHistoricalGBS/demultiplexed_fastq_files/C574FACXX_3/process_radtags.fastq_files.log per_barcode_raw_read_counts
process_radtags is done.
Processing single-end data.
Using Phred+33 encoding for quality scores.
Found 1 input file(s).
Searching for single-end, inlined barcodes.
Loaded 95 barcodes (5-10bp).
Will attempt to recover barcodes with at most 1 mismatches.
Processing file 1 of 1 [C511KACXX_3_fastq.gz]
  Processing RAD-Tags...1M...2M...3M...4M...5M...6M...7M...8M...9M...10M...11M...
12M...13M...14M...15M...16M...17M...18M...19M...20M...21M...22M...23M...24M...25M...
26M...27M...28M...29M...30M...31M...32M...33M...34M...35M...36M...37M...38M...39M...
40M...41M...42M...43M...44M...45M...46M...47M...48M...49M...50M...51M...52M...53M...
54M...55M...56M...57M...58M...59M...60M...61M...62M...63M...64M...65M...66M...67M...
68M...69M...70M...71M...72M...73M...74M...75M...76M...77M...78M...79M...80M...81M...
82M...83M...84M...85M...86M...87M...88M...89M...90M...91M...92M...93M...94M...95M...
96M...97M...98M...99M...100M...101M...102M...103M...104M...105M...106M...107M...108M...
109M...110M...111M...112M...113M...114M...115M...116M...117M...118M...119M...120M...
121M...122M...123M...124M...125M...126M...127M...128M...129M...130M...131M...132M...
133M...134M...135M...136M...137M...138M...139M...140M...141M...142M...143M...144M...
145M...146M...147M...148M...149M...150M...151M...152M...153M...154M...155M...156M...
157M...158M...159M...160M...161M...162M...163M...164M...165M...166M...167M...168M...
169M...170M...171M...172M...173M...174M...175M...176M...177M...178M...179M...180M...
181M...182M...183M...184M...185M...186M...187M...188M...189M...190M...191M...192M...
193M...194M...195M...196M...197M...198M...199M...200M...201M...202M...203M...204M...
205M...206M...207M...208M...209M...210M...211M...212M...213M...214M...215M...216M...
217M...218M...219M...220M...221M...222M...223M...224M...225M...226M...227M...228M...
229M...230M...231M...232M...233M...234M...235M...236M...237M...238M...239M...240M...
241M...242M...243M...244M...245M...246M...247M...248M...249M...250M...251M...252M...
253M...254M...255M...256M...257M...258M...259M...260M...261M...262M...263M...264M...
265M...266M...267M...268M...269M...270M...271M...272M...273M...274M...275M...276M...
277M...278M...
  278757339 total reads; -4607120 ambiguous barcodes; -8771214 ambiguous RAD-Tags; +34977240 recovered; -54471874 low quality reads; 210907131 retained reads.
Closing files, flushing buffers...done.

278757339 total sequences
  4607120 barcode not found drops (1.7%)
 54471874 low quality read drops (19.5%)
  8771214 RAD cutsite not found drops (3.1%)
210907131 retained reads (75.7%)

Details logged: '/project/gifvl_vaccinium/cranberryGenotyping/cranberryHistoricalGBS/demultiplexed_fastq_files/C511KACXX_3/process_radtags.fastq_files.log'
For a summary, execute one or more:
  stacks-dist-extract /project/gifvl_vaccinium/cranberryGenotyping/cranberryHistoricalGBS/demultiplexed_fastq_files/C511KACXX_3/process_radtags.fastq_files.log total_raw_read_counts
  stacks-dist-extract --pretty /project/gifvl_vaccinium/cranberryGenotyping/cranberryHistoricalGBS/demultiplexed_fastq_files/C511KACXX_3/process_radtags.fastq_files.log per_barcode_raw_read_counts
process_radtags is done.
Processing single-end data.
Using Phred+33 encoding for quality scores.
Found 1 input file(s).
Searching for single-end, inlined barcodes.
Loaded 95 barcodes (5-10bp).
Will attempt to recover barcodes with at most 1 mismatches.
Processing file 1 of 1 [C511KACXX_2_fastq.gz]
  Processing RAD-Tags...1M...2M...3M...4M...5M...6M...7M...8M...9M...10M...11M...
12M...13M...14M...15M...16M...17M...18M...19M...20M...21M...22M...23M...24M...25M...
26M...27M...28M...29M...30M...31M...32M...33M...34M...35M...36M...37M...38M...39M...
40M...41M...42M...43M...44M...45M...46M...47M...48M...49M...50M...51M...52M...53M...
54M...55M...56M...57M...58M...59M...60M...61M...62M...63M...64M...65M...66M...67M...
68M...69M...70M...71M...72M...73M...74M...75M...76M...77M...78M...79M...80M...81M...
82M...83M...84M...85M...86M...87M...88M...89M...90M...91M...92M...93M...94M...95M...
96M...97M...98M...99M...100M...101M...102M...103M...104M...105M...106M...107M...108M...
109M...110M...111M...112M...113M...114M...115M...116M...117M...118M...119M...120M...
121M...122M...123M...124M...125M...126M...127M...128M...129M...130M...131M...132M...
133M...134M...135M...136M...137M...138M...139M...140M...141M...142M...143M...144M...
145M...146M...147M...148M...149M...150M...151M...152M...153M...154M...155M...156M...
157M...158M...159M...160M...161M...162M...163M...164M...165M...166M...167M...168M...
169M...170M...171M...172M...173M...174M...175M...176M...177M...178M...179M...180M...
181M...182M...183M...184M...185M...186M...187M...188M...189M...190M...191M...192M...
193M...194M...195M...196M...197M...198M...199M...200M...201M...202M...203M...204M...
205M...206M...207M...208M...209M...210M...211M...212M...213M...214M...215M...216M...
217M...218M...219M...220M...221M...222M...223M...224M...225M...226M...227M...228M...
229M...230M...231M...232M...233M...234M...235M...236M...237M...238M...239M...240M...
241M...242M...243M...244M...245M...246M...247M...248M...249M...250M...251M...252M...
253M...254M...255M...256M...257M...258M...259M...260M...261M...262M...263M...264M...
265M...266M...267M...268M...269M...
  269645508 total reads; -3678423 ambiguous barcodes; -6721673 ambiguous RAD-Tags; +26928254 recovered; -46546531 low quality reads; 212698881 retained reads.
Closing files, flushing buffers...done.

269645508 total sequences
  3678423 barcode not found drops (1.4%)
 46546531 low quality read drops (17.3%)
  6721673 RAD cutsite not found drops (2.5%)
212698881 retained reads (78.9%)

Details logged: '/project/gifvl_vaccinium/cranberryGenotyping/cranberryHistoricalGBS/demultiplexed_fastq_files/C511KACXX_2/process_radtags.fastq_files.log'
For a summary, execute one or more:
  stacks-dist-extract /project/gifvl_vaccinium/cranberryGenotyping/cranberryHistoricalGBS/demultiplexed_fastq_files/C511KACXX_2/process_radtags.fastq_files.log total_raw_read_counts
  stacks-dist-extract --pretty /project/gifvl_vaccinium/cranberryGenotyping/cranberryHistoricalGBS/demultiplexed_fastq_files/C511KACXX_2/process_radtags.fastq_files.log per_barcode_raw_read_counts
process_radtags is done.
Processing single-end data.
Using Phred+33 encoding for quality scores.
Found 1 input file(s).
Searching for single-end, inlined barcodes.
Loaded 95 barcodes (5-10bp).
Will attempt to recover barcodes with at most 1 mismatches.
Processing file 1 of 1 [C8BNLANXX_3_fastq.gz]
  Processing RAD-Tags...1M...2M...3M...4M...5M...6M...7M...8M...9M...10M...11M...
12M...13M...14M...15M...16M...17M...18M...19M...20M...21M...22M...23M...24M...25M...
26M...27M...28M...29M...30M...31M...32M...33M...34M...35M...36M...37M...38M...39M...
40M...41M...42M...43M...44M...45M...46M...47M...48M...49M...50M...51M...52M...53M...
54M...55M...56M...57M...58M...59M...60M...61M...62M...63M...64M...65M...66M...67M...
68M...69M...70M...71M...72M...73M...74M...75M...76M...77M...78M...79M...80M...81M...
82M...83M...84M...85M...86M...87M...88M...89M...90M...91M...92M...93M...94M...95M...
96M...97M...98M...99M...100M...101M...102M...103M...104M...105M...106M...107M...108M...
109M...110M...111M...112M...113M...114M...115M...116M...117M...118M...119M...120M...
121M...122M...123M...124M...125M...126M...127M...128M...129M...130M...131M...132M...
133M...134M...135M...136M...137M...138M...139M...140M...141M...142M...143M...144M...
145M...146M...147M...148M...149M...150M...151M...152M...153M...154M...155M...156M...
157M...158M...159M...160M...161M...162M...163M...164M...165M...166M...167M...168M...
169M...170M...171M...172M...173M...174M...175M...176M...177M...178M...179M...180M...
181M...182M...183M...184M...185M...186M...187M...188M...189M...190M...191M...192M...
193M...194M...195M...196M...197M...198M...199M...200M...201M...202M...203M...204M...
205M...206M...207M...208M...209M...210M...211M...212M...213M...214M...215M...216M...
217M...218M...219M...220M...221M...222M...223M...224M...225M...226M...227M...228M...
229M...230M...231M...232M...233M...234M...235M...236M...237M...238M...239M...240M...
241M...242M...243M...244M...245M...246M...247M...248M...249M...250M...251M...252M...
253M...254M...255M...256M...257M...258M...259M...260M...261M...262M...263M...264M...
265M...266M...267M...268M...269M...270M...271M...272M...273M...274M...275M...276M...
277M...278M...279M...280M...281M...282M...283M...284M...285M...286M...287M...288M...
289M...290M...291M...292M...
  292793875 total reads; -3097359 ambiguous barcodes; -5135548 ambiguous RAD-Tags; +21300533 recovered; -3351680 low quality reads; 281209288 retained reads.
Closing files, flushing buffers...done.

292793875 total sequences
  3097359 barcode not found drops (1.1%)
  3351680 low quality read drops (1.1%)
  5135548 RAD cutsite not found drops (1.8%)
281209288 retained reads (96.0%)

Details logged: '/project/gifvl_vaccinium/cranberryGenotyping/cranberryHistoricalGBS/demultiplexed_fastq_files/C8BNLANXX_3/process_radtags.fastq_files.log'
For a summary, execute one or more:
  stacks-dist-extract /project/gifvl_vaccinium/cranberryGenotyping/cranberryHistoricalGBS/demultiplexed_fastq_files/C8BNLANXX_3/process_radtags.fastq_files.log total_raw_read_counts
  stacks-dist-extract --pretty /project/gifvl_vaccinium/cranberryGenotyping/cranberryHistoricalGBS/demultiplexed_fastq_files/C8BNLANXX_3/process_radtags.fastq_files.log per_barcode_raw_read_counts
process_radtags is done.
Processing single-end data.
Using Phred+33 encoding for quality scores.
Found 1 input file(s).
Searching for single-end, inlined barcodes.
Loaded 95 barcodes (5-10bp).
Will attempt to recover barcodes with at most 1 mismatches.
Processing file 1 of 1 [C8BNLANXX_4_fastq.gz]
  Processing RAD-Tags...1M...2M...3M...4M...5M...6M...7M...8M...9M...10M...11M...
12M...13M...14M...15M...16M...17M...18M...19M...20M...21M...22M...23M...24M...25M...
26M...27M...28M...29M...30M...31M...32M...33M...34M...35M...36M...37M...38M...39M...
40M...41M...42M...43M...44M...45M...46M...47M...48M...49M...50M...51M...52M...53M...
54M...55M...56M...57M...58M...59M...60M...61M...62M...63M...64M...65M...66M...67M...
68M...69M...70M...71M...72M...73M...74M...75M...76M...77M...78M...79M...80M...81M...
82M...83M...84M...85M...86M...87M...88M...89M...90M...91M...92M...93M...94M...95M...
96M...97M...98M...99M...100M...101M...102M...103M...104M...105M...106M...107M...108M...
109M...110M...111M...112M...113M...114M...115M...116M...117M...118M...119M...120M...
121M...122M...123M...124M...125M...126M...127M...128M...129M...130M...131M...132M...
133M...134M...135M...136M...137M...138M...139M...140M...141M...142M...143M...144M...
145M...146M...147M...148M...149M...150M...151M...152M...153M...154M...155M...156M...
157M...158M...159M...160M...161M...162M...163M...164M...165M...166M...167M...168M...
169M...170M...171M...172M...173M...174M...175M...176M...177M...178M...179M...180M...
181M...182M...183M...184M...185M...186M...187M...188M...189M...190M...191M...192M...
193M...194M...195M...196M...197M...198M...199M...200M...201M...202M...203M...204M...
205M...206M...207M...208M...209M...210M...211M...212M...213M...214M...215M...216M...
217M...218M...219M...220M...221M...222M...223M...224M...225M...226M...227M...228M...
229M...230M...231M...232M...233M...234M...235M...236M...237M...238M...239M...240M...
241M...242M...243M...244M...245M...246M...247M...248M...249M...250M...251M...252M...
253M...254M...255M...256M...257M...258M...259M...260M...261M...262M...263M...264M...
265M...266M...267M...268M...269M...270M...271M...272M...273M...274M...275M...276M...
277M...278M...279M...280M...281M...282M...283M...284M...285M...286M...287M...288M...
289M...290M...291M...292M...293M...294M...295M...296M...297M...298M...299M...300M...
301M...302M...303M...304M...305M...306M...307M...308M...309M...310M...311M...312M...
313M...314M...315M...316M...317M...318M...319M...320M...321M...322M...323M...324M...

  324305773 total reads; -3923809 ambiguous barcodes; -6887046 ambiguous RAD-Tags; +24092409 recovered; -3656394 low quality reads; 309838524 retained reads.
Closing files, flushing buffers...done.

324305773 total sequences
  3923809 barcode not found drops (1.2%)
  3656394 low quality read drops (1.1%)
  6887046 RAD cutsite not found drops (2.1%)
309838524 retained reads (95.5%)

Details logged: '/project/gifvl_vaccinium/cranberryGenotyping/cranberryHistoricalGBS/demultiplexed_fastq_files/C8BNLANXX_4/process_radtags.fastq_files.log'
For a summary, execute one or more:
  stacks-dist-extract /project/gifvl_vaccinium/cranberryGenotyping/cranberryHistoricalGBS/demultiplexed_fastq_files/C8BNLANXX_4/process_radtags.fastq_files.log total_raw_read_counts
  stacks-dist-extract --pretty /project/gifvl_vaccinium/cranberryGenotyping/cranberryHistoricalGBS/demultiplexed_fastq_files/C8BNLANXX_4/process_radtags.fastq_files.log per_barcode_raw_read_counts
process_radtags is done.
Processing single-end data.
Using Phred+33 encoding for quality scores.
Found 1 input file(s).
Searching for single-end, inlined barcodes.
Loaded 95 barcodes (5-10bp).
Will attempt to recover barcodes with at most 1 mismatches.
Processing file 1 of 1 [C50VDACXX_7_fastq.gz]
  Processing RAD-Tags...1M...2M...3M...4M...5M...6M...7M...8M...9M...10M...11M...
12M...13M...14M...15M...16M...17M...18M...19M...20M...21M...22M...23M...24M...25M...
26M...27M...28M...29M...30M...31M...32M...33M...34M...35M...36M...37M...38M...39M...
40M...41M...42M...43M...44M...45M...46M...47M...48M...49M...50M...51M...52M...53M...
54M...55M...56M...57M...58M...59M...60M...61M...62M...63M...64M...65M...66M...67M...
68M...69M...70M...71M...72M...73M...74M...75M...76M...77M...78M...79M...80M...81M...
82M...83M...84M...85M...86M...87M...88M...89M...90M...91M...92M...93M...94M...95M...
96M...97M...98M...99M...100M...101M...102M...103M...104M...105M...106M...107M...108M...
109M...110M...111M...112M...113M...114M...115M...116M...117M...118M...119M...120M...
121M...122M...123M...124M...125M...126M...127M...128M...129M...130M...131M...132M...
133M...134M...135M...136M...137M...138M...139M...140M...141M...142M...143M...144M...
145M...146M...147M...148M...149M...150M...151M...152M...153M...154M...155M...156M...
157M...158M...159M...160M...161M...162M...163M...164M...165M...166M...167M...168M...
169M...170M...171M...172M...173M...174M...175M...176M...177M...178M...179M...180M...
181M...182M...183M...184M...185M...186M...187M...188M...189M...190M...191M...192M...
193M...194M...195M...196M...197M...198M...199M...200M...201M...202M...203M...204M...
205M...206M...207M...208M...209M...210M...211M...212M...213M...214M...215M...216M...
217M...218M...219M...220M...221M...222M...223M...224M...225M...226M...227M...228M...
229M...230M...231M...232M...233M...234M...235M...236M...237M...238M...239M...240M...
241M...242M...243M...244M...245M...246M...247M...248M...249M...250M...251M...252M...
253M...254M...255M...256M...257M...258M...259M...260M...261M...262M...263M...264M...
265M...266M...267M...268M...269M...270M...271M...272M...273M...274M...275M...276M...
277M...278M...279M...280M...281M...282M...283M...284M...285M...286M...287M...288M...
289M...290M...291M...292M...293M...294M...295M...
  295267589 total reads; -61217804 ambiguous barcodes; -23594380 ambiguous RAD-Tags; +82389046 recovered; -68839538 low quality reads; 141615867 retained reads.
Closing files, flushing buffers...done.

295267589 total sequences
 61217804 barcode not found drops (20.7%)
 68839538 low quality read drops (23.3%)
 23594380 RAD cutsite not found drops (8.0%)
141615867 retained reads (48.0%)

Details logged: '/project/gifvl_vaccinium/cranberryGenotyping/cranberryHistoricalGBS/demultiplexed_fastq_files/C50VDACXX_7/process_radtags.fastq_files.log'
For a summary, execute one or more:
  stacks-dist-extract /project/gifvl_vaccinium/cranberryGenotyping/cranberryHistoricalGBS/demultiplexed_fastq_files/C50VDACXX_7/process_radtags.fastq_files.log total_raw_read_counts
  stacks-dist-extract --pretty /project/gifvl_vaccinium/cranberryGenotyping/cranberryHistoricalGBS/demultiplexed_fastq_files/C50VDACXX_7/process_radtags.fastq_files.log per_barcode_raw_read_counts
process_radtags is done.
Processing single-end data.
Using Phred+33 encoding for quality scores.
Found 1 input file(s).
Searching for single-end, inlined barcodes.
Loaded 95 barcodes (4-8bp).
Will attempt to recover barcodes with at most 1 mismatches.
Processing file 1 of 1 [C574FACXX_2_fastq.gz]
  Processing RAD-Tags...1M...2M...3M...4M...5M...6M...7M...8M...9M...10M...11M...
12M...13M...14M...15M...16M...17M...18M...19M...20M...21M...22M...23M...24M...25M...
26M...27M...28M...29M...30M...31M...32M...33M...34M...35M...36M...37M...38M...39M...
40M...41M...42M...43M...44M...45M...46M...47M...48M...49M...50M...51M...52M...53M...
54M...55M...56M...57M...58M...59M...60M...61M...62M...63M...64M...65M...66M...67M...
68M...69M...70M...71M...72M...73M...74M...75M...76M...77M...78M...79M...80M...81M...
82M...83M...84M...85M...86M...87M...88M...89M...90M...91M...92M...93M...94M...95M...
96M...97M...98M...99M...100M...101M...102M...103M...104M...105M...106M...107M...108M...
109M...110M...111M...112M...113M...114M...115M...116M...117M...118M...119M...120M...
121M...122M...123M...124M...125M...126M...127M...128M...129M...130M...131M...132M...
133M...134M...135M...136M...137M...138M...139M...140M...141M...142M...143M...144M...
145M...146M...147M...148M...149M...150M...151M...152M...153M...154M...155M...156M...
157M...158M...159M...160M...161M...162M...163M...164M...165M...166M...167M...168M...
169M...170M...171M...172M...173M...174M...175M...176M...177M...178M...179M...180M...
181M...182M...183M...184M...185M...186M...187M...188M...189M...190M...191M...192M...
193M...194M...195M...196M...197M...198M...199M...200M...201M...202M...203M...204M...
205M...206M...207M...208M...209M...210M...211M...212M...213M...214M...215M...216M...
217M...218M...219M...220M...221M...222M...223M...224M...225M...226M...227M...228M...
229M...230M...231M...232M...233M...234M...235M...236M...237M...238M...239M...240M...
241M...242M...243M...244M...245M...246M...247M...248M...249M...250M...251M...252M...
253M...254M...255M...256M...257M...258M...259M...260M...261M...262M...263M...264M...
265M...266M...267M...268M...269M...270M...271M...272M...
  272626313 total reads; -12669460 ambiguous barcodes; -10433081 ambiguous RAD-Tags; +37221220 recovered; -39924710 low quality reads; 209599062 retained reads.
Closing files, flushing buffers...done.

272626313 total sequences
 12669460 barcode not found drops (4.6%)
 39924710 low quality read drops (14.6%)
 10433081 RAD cutsite not found drops (3.8%)
209599062 retained reads (76.9%)

Details logged: '/project/gifvl_vaccinium/cranberryGenotyping/cranberryHistoricalGBS/demultiplexed_fastq_files/C574FACXX_2/process_radtags.fastq_files.log'
For a summary, execute one or more:
  stacks-dist-extract /project/gifvl_vaccinium/cranberryGenotyping/cranberryHistoricalGBS/demultiplexed_fastq_files/C574FACXX_2/process_radtags.fastq_files.log total_raw_read_counts
  stacks-dist-extract --pretty /project/gifvl_vaccinium/cranberryGenotyping/cranberryHistoricalGBS/demultiplexed_fastq_files/C574FACXX_2/process_radtags.fastq_files.log per_barcode_raw_read_counts
process_radtags is done.
Processing single-end data.
Using Phred+33 encoding for quality scores.
Found 1 input file(s).
Searching for single-end, inlined barcodes.
Loaded 95 barcodes (5-10bp).
Will attempt to recover barcodes with at most 1 mismatches.
Processing file 1 of 1 [C8BNLANXX_1_fastq.gz]
  Processing RAD-Tags...1M...2M...3M...4M...5M...6M...7M...8M...9M...10M...11M...
12M...13M...14M...15M...16M...17M...18M...19M...20M...21M...22M...23M...24M...25M...
26M...27M...28M...29M...30M...31M...32M...33M...34M...35M...36M...37M...38M...39M...
40M...41M...42M...43M...44M...45M...46M...47M...48M...49M...50M...51M...52M...53M...
54M...55M...56M...57M...58M...59M...60M...61M...62M...63M...64M...65M...66M...67M...
68M...69M...70M...71M...72M...73M...74M...75M...76M...77M...78M...79M...80M...81M...
82M...83M...84M...85M...86M...87M...88M...89M...90M...91M...92M...93M...94M...95M...
96M...97M...98M...99M...100M...101M...102M...103M...104M...105M...106M...107M...108M...
109M...110M...111M...112M...113M...114M...115M...116M...117M...118M...119M...120M...
121M...122M...123M...124M...125M...126M...127M...128M...129M...130M...131M...132M...
133M...134M...135M...136M...137M...138M...139M...140M...141M...142M...143M...144M...
145M...146M...147M...148M...149M...150M...151M...152M...153M...154M...155M...156M...
157M...158M...159M...160M...161M...162M...163M...164M...165M...166M...167M...168M...
169M...170M...171M...172M...173M...174M...175M...176M...177M...178M...179M...180M...
181M...182M...183M...184M...185M...186M...187M...188M...189M...190M...191M...192M...
193M...194M...195M...196M...197M...198M...199M...200M...201M...202M...203M...204M...
205M...206M...207M...208M...209M...210M...211M...212M...213M...214M...215M...216M...
217M...218M...219M...220M...221M...222M...223M...224M...225M...226M...227M...228M...
229M...230M...231M...232M...233M...234M...235M...236M...237M...238M...239M...240M...
241M...242M...243M...244M...245M...246M...247M...248M...249M...250M...251M...252M...
253M...254M...255M...256M...257M...258M...259M...260M...261M...262M...263M...264M...
265M...266M...267M...268M...269M...270M...271M...272M...273M...274M...275M...276M...
277M...278M...279M...280M...281M...282M...283M...284M...285M...286M...287M...288M...
289M...290M...291M...292M...293M...
  293564717 total reads; -2737256 ambiguous barcodes; -5295172 ambiguous RAD-Tags; +21121929 recovered; -3207086 low quality reads; 282325203 retained reads.
Closing files, flushing buffers...done.

293564717 total sequences
  2737256 barcode not found drops (0.9%)
  3207086 low quality read drops (1.1%)
  5295172 RAD cutsite not found drops (1.8%)
282325203 retained reads (96.2%)

Details logged: '/project/gifvl_vaccinium/cranberryGenotyping/cranberryHistoricalGBS/demultiplexed_fastq_files/C8BNLANXX_1/process_radtags.fastq_files.log'
For a summary, execute one or more:
  stacks-dist-extract /project/gifvl_vaccinium/cranberryGenotyping/cranberryHistoricalGBS/demultiplexed_fastq_files/C8BNLANXX_1/process_radtags.fastq_files.log total_raw_read_counts
  stacks-dist-extract --pretty /project/gifvl_vaccinium/cranberryGenotyping/cranberryHistoricalGBS/demultiplexed_fastq_files/C8BNLANXX_1/process_radtags.fastq_files.log per_barcode_raw_read_counts
process_radtags is done.
Processing single-end data.
Using Phred+33 encoding for quality scores.
Found 1 input file(s).
Searching for single-end, inlined barcodes.
Loaded 95 barcodes (4-8bp).
Will attempt to recover barcodes with at most 1 mismatches.
Processing file 1 of 1 [C574FACXX_1_fastq.gz]
  Processing RAD-Tags...1M...2M...3M...4M...5M...6M...7M...8M...9M...10M...11M...
12M...13M...14M...15M...16M...17M...18M...19M...20M...21M...22M...23M...24M...25M...
26M...27M...28M...29M...30M...31M...32M...33M...34M...35M...36M...37M...38M...39M...
40M...41M...42M...43M...44M...45M...46M...47M...48M...49M...50M...51M...52M...53M...
54M...55M...56M...57M...58M...59M...60M...61M...62M...63M...64M...65M...66M...67M...
68M...69M...70M...71M...72M...73M...74M...75M...76M...77M...78M...79M...80M...81M...
82M...83M...84M...85M...86M...87M...88M...89M...90M...91M...92M...93M...94M...95M...
96M...97M...98M...99M...100M...101M...102M...103M...104M...105M...106M...107M...108M...
109M...110M...111M...112M...113M...114M...115M...116M...117M...118M...119M...120M...
121M...122M...123M...124M...125M...126M...127M...128M...129M...130M...131M...132M...
133M...134M...135M...136M...137M...138M...139M...140M...141M...142M...143M...144M...
145M...146M...147M...148M...149M...150M...151M...152M...153M...154M...155M...156M...
157M...158M...159M...160M...161M...162M...163M...164M...165M...166M...167M...168M...
169M...170M...171M...172M...173M...174M...175M...176M...177M...178M...179M...180M...
181M...182M...183M...184M...185M...186M...187M...188M...189M...190M...191M...192M...
193M...194M...195M...196M...197M...198M...199M...200M...201M...202M...203M...204M...
205M...206M...207M...208M...209M...210M...211M...212M...213M...214M...215M...216M...
217M...218M...219M...220M...221M...222M...223M...224M...225M...226M...227M...228M...
229M...230M...231M...232M...233M...234M...235M...236M...237M...238M...239M...240M...
241M...242M...243M...244M...245M...246M...247M...248M...249M...250M...251M...252M...
253M...254M...255M...256M...257M...258M...259M...260M...261M...262M...263M...264M...
265M...266M...267M...268M...269M...270M...271M...272M...
  272756726 total reads; -33047067 ambiguous barcodes; -20596950 ambiguous RAD-Tags; +65525172 recovered; -41728192 low quality reads; 177384517 retained reads.
Closing files, flushing buffers...done.

272756726 total sequences
 33047067 barcode not found drops (12.1%)
 41728192 low quality read drops (15.3%)
 20596950 RAD cutsite not found drops (7.6%)
177384517 retained reads (65.0%)

Details logged: '/project/gifvl_vaccinium/cranberryGenotyping/cranberryHistoricalGBS/demultiplexed_fastq_files/C574FACXX_1/process_radtags.fastq_files.log'
For a summary, execute one or more:
  stacks-dist-extract /project/gifvl_vaccinium/cranberryGenotyping/cranberryHistoricalGBS/demultiplexed_fastq_files/C574FACXX_1/process_radtags.fastq_files.log total_raw_read_counts
  stacks-dist-extract --pretty /project/gifvl_vaccinium/cranberryGenotyping/cranberryHistoricalGBS/demultiplexed_fastq_files/C574FACXX_1/process_radtags.fastq_files.log per_barcode_raw_read_counts
process_radtags is done.
Processing single-end data.
Using Phred+33 encoding for quality scores.
Found 1 input file(s).
Searching for single-end, inlined barcodes.
Loaded 95 barcodes (5-10bp).
Will attempt to recover barcodes with at most 1 mismatches.
Processing file 1 of 1 [C8BNLANXX_2_fastq.gz]
  Processing RAD-Tags...1M...2M...3M...4M...5M...6M...7M...8M...9M...10M...11M...
12M...13M...14M...15M...16M...17M...18M...19M...20M...21M...22M...23M...24M...25M...
26M...27M...28M...29M...30M...31M...32M...33M...34M...35M...36M...37M...38M...39M...
40M...41M...42M...43M...44M...45M...46M...47M...48M...49M...50M...51M...52M...53M...
54M...55M...56M...57M...58M...59M...60M...61M...62M...63M...64M...65M...66M...67M...
68M...69M...70M...71M...72M...73M...74M...75M...76M...77M...78M...79M...80M...81M...
82M...83M...84M...85M...86M...87M...88M...89M...90M...91M...92M...93M...94M...95M...
96M...97M...98M...99M...100M...101M...102M...103M...104M...105M...106M...107M...108M...
109M...110M...111M...112M...113M...114M...115M...116M...117M...118M...119M...120M...
121M...122M...123M...124M...125M...126M...127M...128M...129M...130M...131M...132M...
133M...134M...135M...136M...137M...138M...139M...140M...141M...142M...143M...144M...
145M...146M...147M...148M...149M...150M...151M...152M...153M...154M...155M...156M...
157M...158M...159M...160M...161M...162M...163M...164M...165M...166M...167M...168M...
169M...170M...171M...172M...173M...174M...175M...176M...177M...178M...179M...180M...
181M...182M...183M...184M...185M...186M...187M...188M...189M...190M...191M...192M...
193M...194M...195M...196M...197M...198M...199M...200M...201M...202M...203M...204M...
205M...206M...207M...208M...209M...210M...211M...212M...213M...214M...215M...216M...
217M...218M...219M...220M...221M...222M...223M...224M...225M...226M...227M...228M...
229M...230M...231M...232M...233M...234M...235M...236M...237M...238M...239M...240M...
241M...242M...243M...244M...245M...246M...247M...248M...249M...250M...251M...252M...
253M...254M...255M...256M...257M...258M...259M...260M...261M...262M...263M...264M...
265M...266M...267M...268M...269M...270M...271M...272M...273M...274M...275M...276M...
277M...278M...279M...280M...281M...282M...283M...284M...285M...286M...287M...288M...
289M...290M...291M...292M...293M...294M...295M...296M...297M...
  297741593 total reads; -3055175 ambiguous barcodes; -5585166 ambiguous RAD-Tags; +24151771 recovered; -3410374 low quality reads; 285690878 retained reads.
Closing files, flushing buffers...done.

297741593 total sequences
  3055175 barcode not found drops (1.0%)
  3410374 low quality read drops (1.1%)
  5585166 RAD cutsite not found drops (1.9%)
285690878 retained reads (96.0%)

Details logged: '/project/gifvl_vaccinium/cranberryGenotyping/cranberryHistoricalGBS/demultiplexed_fastq_files/C8BNLANXX_2/process_radtags.fastq_files.log'
For a summary, execute one or more:
  stacks-dist-extract /project/gifvl_vaccinium/cranberryGenotyping/cranberryHistoricalGBS/demultiplexed_fastq_files/C8BNLANXX_2/process_radtags.fastq_files.log total_raw_read_counts
  stacks-dist-extract --pretty /project/gifvl_vaccinium/cranberryGenotyping/cranberryHistoricalGBS/demultiplexed_fastq_files/C8BNLANXX_2/process_radtags.fastq_files.log per_barcode_raw_read_counts
process_radtags is done.
