Processing single-end data.
Using Phred+33 encoding for quality scores.
Found 1 input file(s).
Searching for single-end, inlined barcodes.
Loaded 95 barcodes (5-10bp).
Will attempt to recover barcodes with at most 1 mismatches.
Error opening output file '/C511KACXX_2/P115.fq.gz'
Processing single-end data.
Using Phred+33 encoding for quality scores.
Found 1 input file(s).
Searching for single-end, inlined barcodes.
Loaded 95 barcodes (5-10bp).
Will attempt to recover barcodes with at most 1 mismatches.
Error opening output file '/C50VDACXX_5/P3.fq.gz'
Processing single-end data.
Using Phred+33 encoding for quality scores.
Found 1 input file(s).
Searching for single-end, inlined barcodes.
Loaded 95 barcodes (5-10bp).
Will attempt to recover barcodes with at most 1 mismatches.
Error opening output file '/C50VDACXX_8/P339.fq.gz'
Processing single-end data.
Using Phred+33 encoding for quality scores.
Found 1 input file(s).
Searching for single-end, inlined barcodes.
Loaded 95 barcodes (5-10bp).
Will attempt to recover barcodes with at most 1 mismatches.
Error opening output file '/C8BNLANXX_4/CNJ92-214-32.fq.gz'
Processing single-end data.
Using Phred+33 encoding for quality scores.
Found 1 input file(s).
Searching for single-end, inlined barcodes.
Loaded 95 barcodes (5-10bp).
Will attempt to recover barcodes with at most 1 mismatches.
Error opening output file '/C511KACXX_3/P339.fq.gz'
Processing single-end data.
Using Phred+33 encoding for quality scores.
Found 1 input file(s).
Searching for single-end, inlined barcodes.
Loaded 95 barcodes (5-10bp).
Will attempt to recover barcodes with at most 1 mismatches.
Error opening output file '/C50VDACXX_6/P115.fq.gz'
Processing single-end data.
Using Phred+33 encoding for quality scores.
Found 1 input file(s).
Searching for single-end, inlined barcodes.
Loaded 95 barcodes (5-10bp).
Will attempt to recover barcodes with at most 1 mismatches.
Error opening output file '/C8BNLANXX_3/NJ93-56.fq.gz'
Processing single-end data.
Using Phred+33 encoding for quality scores.
Found 1 input file(s).
Searching for single-end, inlined barcodes.
Loaded 95 barcodes (4-8bp).
Will attempt to recover barcodes with at most 1 mismatches.
Error opening output file '/C574FACXX_3/CNJ02_1_225.fq.gz'
Processing single-end data.
Using Phred+33 encoding for quality scores.
Found 1 input file(s).
Searching for single-end, inlined barcodes.
Loaded 95 barcodes (5-10bp).
Will attempt to recover barcodes with at most 1 mismatches.
Error opening output file '/C8BNLANXX_1/AM001.fq.gz'
Processing single-end data.
Using Phred+33 encoding for quality scores.
Found 1 input file(s).
Searching for single-end, inlined barcodes.
Loaded 95 barcodes (4-8bp).
Will attempt to recover barcodes with at most 1 mismatches.
Error opening output file '/C574FACXX_2/CNJ02_1_90.fq.gz'
Processing single-end data.
Using Phred+33 encoding for quality scores.
Found 1 input file(s).
Searching for single-end, inlined barcodes.
Loaded 95 barcodes (5-10bp).
Will attempt to recover barcodes with at most 1 mismatches.
Error opening output file '/C50VDACXX_7/P217.fq.gz'
Processing single-end data.
Using Phred+33 encoding for quality scores.
Found 1 input file(s).
Searching for single-end, inlined barcodes.
Loaded 95 barcodes (4-8bp).
Will attempt to recover barcodes with at most 1 mismatches.
Error opening output file '/C574FACXX_1/CNJ02_1_1.fq.gz'
Processing single-end data.
Using Phred+33 encoding for quality scores.
Found 1 input file(s).
Searching for single-end, inlined barcodes.
Loaded 95 barcodes (5-10bp).
Will attempt to recover barcodes with at most 1 mismatches.
Error opening output file '/C8BNLANXX_2/US94-161.fq.gz'
